You have the following GPUs: [2]
JOB:  507768
TASK: 1
HOST: khazadum

sweep_id: b53264rn
project_name: EBG_Olfaction
job array task: 1
device =  cuda
--------------- Fold 0 ---------------
Training eegnet on dataset1 with {'n_channels': 4, 'n_classes': 2, 'n_samples': 205}
Training Started...
---------------------- Epoch: 0 ----------------------
Training AUROC: 0.4844040274620056 | Training Acc.: 0.49134569399992645 | Training Loss: 0.3121141323886956
Validation AUROC: 0.49967601895332336 | Validation Acc: 0.4727891156462585 | Validation Loss: 0.30596202298384584
---------------------- Epoch: 50 ----------------------
Training AUROC: 0.5508180856704712 | Training Acc.: 0.5408466075610983 | Training Loss: 0.30103408236083457
Validation AUROC: 0.5594428181648254 | Validation Acc: 0.5799319727891157 | Validation Loss: 0.3024189894209571
---------------------- Epoch: 100 ----------------------
Training AUROC: 0.5801787972450256 | Training Acc.: 0.5494365350893329 | Training Loss: 0.2972267178107308
Validation AUROC: 0.5574991703033447 | Validation Acc: 0.5799319727891157 | Validation Loss: 0.303125130153076
---------------------- Epoch: 150 ----------------------
Training AUROC: 0.5739821195602417 | Training Acc.: 0.5592987038467669 | Training Loss: 0.2980538768143089
Validation AUROC: 0.5511823892593384 | Validation Acc: 0.5833333333333333 | Validation Loss: 0.30300482490008435
---------------------- Epoch: 200 ----------------------
Training AUROC: 0.6177451610565186 | Training Acc.: 0.5757244110902647 | Training Loss: 0.29252211131948663
Validation AUROC: 0.5562034249305725 | Validation Acc: 0.5476190476190477 | Validation Loss: 0.304228914245562
---------------------- Epoch: 250 ----------------------
Training AUROC: 0.6151444911956787 | Training Acc.: 0.5785754577002784 | Training Loss: 0.2924156918782663
Validation AUROC: 0.5490767955780029 | Validation Acc: 0.5357142857142858 | Validation Loss: 0.3059133078125598
---------------------- Epoch: 299 ----------------------
Training AUROC: 0.6138231754302979 | Training Acc.: 0.5690321156605231 | Training Loss: 0.29228005157239717
Validation AUROC: 0.5482668876647949 | Validation Acc: 0.5612244897959183 | Validation Loss: 0.30625657144969287
Finished training.
Creating checkpoint.
Best Validation Acc. = 0.6003401360544218 (Epoch = 55)
Finished creating checkpoint.
--------------- Fold 1 ---------------
Training eegnet on dataset1 with {'n_channels': 4, 'n_classes': 2, 'n_samples': 205}
Training Started...
---------------------- Epoch: 0 ----------------------
Training AUROC: 0.5075013041496277 | Training Acc.: 0.5057062723100458 | Training Loss: 0.3085485795132825
Validation AUROC: 0.5125246644020081 | Validation Acc: 0.518457481872116 | Validation Loss: 0.30099308546398784
---------------------- Epoch: 50 ----------------------
Training AUROC: 0.5424987077713013 | Training Acc.: 0.5286384497705252 | Training Loss: 0.30186048289157613
Validation AUROC: 0.5667436122894287 | Validation Acc: 0.5561964403427817 | Validation Loss: 0.3020430917432261
---------------------- Epoch: 100 ----------------------
Training AUROC: 0.5859174132347107 | Training Acc.: 0.5669250382457929 | Training Loss: 0.2971779652602979
Validation AUROC: 0.5683915615081787 | Validation Acc: 0.549439683586025 | Validation Loss: 0.30058824761218056
---------------------- Epoch: 150 ----------------------
Training AUROC: 0.6071759462356567 | Training Acc.: 0.5789291177970424 | Training Loss: 0.2945653764012776
Validation AUROC: 0.5743243098258972 | Validation Acc: 0.5440013183915623 | Validation Loss: 0.3003824149831194
---------------------- Epoch: 200 ----------------------
Training AUROC: 0.5978134274482727 | Training Acc.: 0.5587914329423763 | Training Loss: 0.2943661742119503
Validation AUROC: 0.5702043771743774 | Validation Acc: 0.541941331575478 | Validation Loss: 0.2998862490922354
---------------------- Epoch: 250 ----------------------
Training AUROC: 0.6101335883140564 | Training Acc.: 0.5822998470168281 | Training Loss: 0.2943166059093049
Validation AUROC: 0.5631179809570312 | Validation Acc: 0.5229894528675016 | Validation Loss: 0.29875289836876595
---------------------- Epoch: 299 ----------------------
Training AUROC: 0.6239204406738281 | Training Acc.: 0.5965068842427332 | Training Loss: 0.29198764741272576
Validation AUROC: 0.5703691244125366 | Validation Acc: 0.5473796967699407 | Validation Loss: 0.29977383392981655
Finished training.
Creating checkpoint.
Best Validation Acc. = 0.5847066578773896 (Epoch = 34)
Finished creating checkpoint.
--------------- Fold 2 ---------------
Training eegnet on dataset1 with {'n_channels': 4, 'n_classes': 2, 'n_samples': 205}
Training Started...
---------------------- Epoch: 0 ----------------------
Training AUROC: 0.49685463309288025 | Training Acc.: 0.4928454869964304 | Training Loss: 0.30936448157201496
Validation AUROC: 0.521423876285553 | Validation Acc: 0.5378213579433091 | Validation Loss: 0.30100460567101595
---------------------- Epoch: 50 ----------------------
Training AUROC: 0.5770035982131958 | Training Acc.: 0.5623355430902601 | Training Loss: 0.2999050705959683
Validation AUROC: 0.5486156940460205 | Validation Acc: 0.5235662491760052 | Validation Loss: 0.30190662867631396
---------------------- Epoch: 100 ----------------------
Training AUROC: 0.5930024981498718 | Training Acc.: 0.5714278429372769 | Training Loss: 0.2958945545030223
Validation AUROC: 0.5403757095336914 | Validation Acc: 0.5113711272247857 | Validation Loss: 0.30484517788687726
---------------------- Epoch: 150 ----------------------
Training AUROC: 0.6184640526771545 | Training Acc.: 0.5904079551249362 | Training Loss: 0.2939750489719243
Validation AUROC: 0.5382333993911743 | Validation Acc: 0.5248846407382992 | Validation Loss: 0.30574946563464556
---------------------- Epoch: 200 ----------------------
Training AUROC: 0.6124100089073181 | Training Acc.: 0.5882151963284039 | Training Loss: 0.29430576555287646
Validation AUROC: 0.5281806588172913 | Validation Acc: 0.5160678971654582 | Validation Loss: 0.30826739911835843
---------------------- Epoch: 250 ----------------------
Training AUROC: 0.6109097599983215 | Training Acc.: 0.587644059153493 | Training Loss: 0.2939392540762534
Validation AUROC: 0.519775927066803 | Validation Acc: 0.5004943968358602 | Validation Loss: 0.30847011339378994
---------------------- Epoch: 299 ----------------------
Training AUROC: 0.6155798435211182 | Training Acc.: 0.5990260071392146 | Training Loss: 0.2942804349736721
Validation AUROC: 0.522247850894928 | Validation Acc: 0.5051911667765326 | Validation Loss: 0.30764338449378004
Finished training.
Creating checkpoint.
Best Validation Acc. = 0.5736651285431773 (Epoch = 1)
Finished creating checkpoint.
--------------- Fold 3 ---------------
Training eegnet on dataset1 with {'n_channels': 4, 'n_classes': 2, 'n_samples': 205}
Training Started...
---------------------- Epoch: 0 ----------------------
Training AUROC: 0.49951961636543274 | Training Acc.: 0.5001580826109128 | Training Loss: 0.31395822621278174
Validation AUROC: 0.46934741735458374 | Validation Acc: 0.5154911008569545 | Validation Loss: 0.3077288505155939
---------------------- Epoch: 50 ----------------------
Training AUROC: 0.5932605862617493 | Training Acc.: 0.5580877103518613 | Training Loss: 0.29669637581911484
Validation AUROC: 0.5168095231056213 | Validation Acc: 0.5262030323005933 | Validation Loss: 0.30359392653659617
---------------------- Epoch: 100 ----------------------
Training AUROC: 0.5979908108711243 | Training Acc.: 0.577113717491076 | Training Loss: 0.2969109840959996
Validation AUROC: 0.5301582217216492 | Validation Acc: 0.5228246539222149 | Validation Loss: 0.30291392461981137
---------------------- Epoch: 150 ----------------------
Training AUROC: 0.6090463995933533 | Training Acc.: 0.5704181540030596 | Training Loss: 0.29370998871871634
Validation AUROC: 0.5285102128982544 | Validation Acc: 0.5404581410678971 | Validation Loss: 0.30651433930898925
---------------------- Epoch: 200 ----------------------
Training AUROC: 0.6089117527008057 | Training Acc.: 0.5842121366649669 | Training Loss: 0.29412358457066673
Validation AUROC: 0.5141726732254028 | Validation Acc: 0.5160678971654582 | Validation Loss: 0.3077078506656236
---------------------- Epoch: 250 ----------------------
Training AUROC: 0.6091973185539246 | Training Acc.: 0.5762978072412035 | Training Loss: 0.2939533531994362
Validation AUROC: 0.5072511434555054 | Validation Acc: 0.5004943968358602 | Validation Loss: 0.31126792092193306
---------------------- Epoch: 299 ----------------------
Training AUROC: 0.6245895028114319 | Training Acc.: 0.5856960734319225 | Training Loss: 0.29143478678694273
Validation AUROC: 0.5108767151832581 | Validation Acc: 0.5275214238628873 | Validation Loss: 0.3095514441609029
Finished training.
Creating checkpoint.
Best Validation Acc. = 0.5560316413974951 (Epoch = 264)
Finished creating checkpoint.
--------------- Fold 4 ---------------
Training eegnet on dataset1 with {'n_channels': 4, 'n_classes': 2, 'n_samples': 205}
Training Started...
---------------------- Epoch: 0 ----------------------
Training AUROC: 0.5296991467475891 | Training Acc.: 0.5273368391015449 | Training Loss: 0.30542480926521454
Validation AUROC: 0.5347602367401123 | Validation Acc: 0.5488634478181517 | Validation Loss: 0.30370371262552276
---------------------- Epoch: 50 ----------------------
Training AUROC: 0.560399055480957 | Training Acc.: 0.5402225755166932 | Training Loss: 0.3005875073783582
Validation AUROC: 0.5399038195610046 | Validation Acc: 0.5432221669155467 | Validation Loss: 0.30254267290682224
---------------------- Epoch: 100 ----------------------
Training AUROC: 0.6244670152664185 | Training Acc.: 0.5800069300069299 | Training Loss: 0.2931800295617965
Validation AUROC: 0.5243072509765625 | Validation Acc: 0.5242243238758918 | Validation Loss: 0.3020542755905224
---------------------- Epoch: 150 ----------------------
Training AUROC: 0.5694366693496704 | Training Acc.: 0.5457217398393869 | Training Loss: 0.29970416134346806
Validation AUROC: 0.534262478351593 | Validation Acc: 0.5310270449643272 | Validation Loss: 0.3022932996635714
---------------------- Epoch: 200 ----------------------
Training AUROC: 0.6111094355583191 | Training Acc.: 0.5775875422934247 | Training Loss: 0.2938285231124186
Validation AUROC: 0.523145854473114 | Validation Acc: 0.5140202422432387 | Validation Loss: 0.30894675850491904
---------------------- Epoch: 250 ----------------------
Training AUROC: 0.6198830008506775 | Training Acc.: 0.581074966369084 | Training Loss: 0.2926869874434007
Validation AUROC: 0.5140202641487122 | Validation Acc: 0.5018251202920192 | Validation Loss: 0.307625321304399
---------------------- Epoch: 299 ----------------------
Training AUROC: 0.6138253211975098 | Training Acc.: 0.5873608903020668 | Training Loss: 0.29357042507341863
Validation AUROC: 0.516177237033844 | Validation Acc: 0.5018251202920192 | Validation Loss: 0.31083624756965134
Finished training.
Creating checkpoint.
Best Validation Acc. = 0.5886012941762071 (Epoch = 26)
Finished creating checkpoint.
--------------- Fold 5 ---------------
Training eegnet on dataset1 with {'n_channels': 4, 'n_classes': 2, 'n_samples': 205}
Training Started...
---------------------- Epoch: 0 ----------------------
Training AUROC: 0.47891849279403687 | Training Acc.: 0.4785679344502874 | Training Loss: 0.3092004600994077
Validation AUROC: 0.5116973519325256 | Validation Acc: 0.4864775178364028 | Validation Loss: 0.30242233285160486
---------------------- Epoch: 50 ----------------------
Training AUROC: 0.5593554973602295 | Training Acc.: 0.5394990012637071 | Training Loss: 0.3000525217066407
Validation AUROC: 0.5029035806655884 | Validation Acc: 0.45188319230131074 | Validation Loss: 0.3026145725376321
---------------------- Epoch: 100 ----------------------
Training AUROC: 0.6026650667190552 | Training Acc.: 0.5678427296074355 | Training Loss: 0.2963561700728857
Validation AUROC: 0.488302618265152 | Validation Acc: 0.4396880703500912 | Validation Loss: 0.3039496679375504
---------------------- Epoch: 150 ----------------------
Training AUROC: 0.6162732839584351 | Training Acc.: 0.578559781500958 | Training Loss: 0.2931963675855497
Validation AUROC: 0.47867926955223083 | Validation Acc: 0.4260826281732205 | Validation Loss: 0.3052766817982589
---------------------- Epoch: 200 ----------------------
Training AUROC: 0.6004789471626282 | Training Acc.: 0.5680322856793445 | Training Loss: 0.29634881424222803
Validation AUROC: 0.4841546416282654 | Validation Acc: 0.45047287207565956 | Validation Loss: 0.30714898340553615
---------------------- Epoch: 250 ----------------------
Training AUROC: 0.6258234977722168 | Training Acc.: 0.5876115934939464 | Training Loss: 0.2921159295771355
Validation AUROC: 0.49958518147468567 | Validation Acc: 0.43487638958022234 | Validation Loss: 0.30258048665625403
---------------------- Epoch: 299 ----------------------
Training AUROC: 0.6156944632530212 | Training Acc.: 0.5735008764420528 | Training Loss: 0.2932085075934297
Validation AUROC: 0.5007466077804565 | Validation Acc: 0.48564791770366683 | Validation Loss: 0.3039245937373704
Finished training.
Creating checkpoint.
Best Validation Acc. = 0.5224821635971462 (Epoch = 1)
Finished creating checkpoint.
--------------- Fold 6 ---------------
Training eegnet on dataset1 with {'n_channels': 4, 'n_classes': 2, 'n_samples': 205}
Training Started...
---------------------- Epoch: 0 ----------------------
Training AUROC: 0.49717092514038086 | Training Acc.: 0.507406954465778 | Training Loss: 0.31200872572317084
Validation AUROC: 0.5277916193008423 | Validation Acc: 0.5400696864111498 | Validation Loss: 0.304169937375725
---------------------- Epoch: 50 ----------------------
Training AUROC: 0.5731706619262695 | Training Acc.: 0.5627532509885451 | Training Loss: 0.29983081861233624
Validation AUROC: 0.4732038974761963 | Validation Acc: 0.4408495105359217 | Validation Loss: 0.30908820351089
---------------------- Epoch: 100 ----------------------
Training AUROC: 0.6012963056564331 | Training Acc.: 0.583400595165301 | Training Loss: 0.2956458272446478
Validation AUROC: 0.4796747863292694 | Validation Acc: 0.4448315911730546 | Validation Loss: 0.3065380853522825
---------------------- Epoch: 150 ----------------------
Training AUROC: 0.5904834270477295 | Training Acc.: 0.5625025477966654 | Training Loss: 0.29666216114123906
Validation AUROC: 0.5108677744865417 | Validation Acc: 0.4652397544383607 | Validation Loss: 0.30659921870285184
---------------------- Epoch: 200 ----------------------
Training AUROC: 0.5896987318992615 | Training Acc.: 0.5607741225388284 | Training Loss: 0.29627709339146724
Validation AUROC: 0.4951053857803345 | Validation Acc: 0.4746142359382778 | Validation Loss: 0.30881877725306167
---------------------- Epoch: 250 ----------------------
Training AUROC: 0.6007317304611206 | Training Acc.: 0.5624393624393624 | Training Loss: 0.2958215895604078
Validation AUROC: 0.4947735071182251 | Validation Acc: 0.4746142359382778 | Validation Loss: 0.30633860331423846
---------------------- Epoch: 299 ----------------------
Training AUROC: 0.5997860431671143 | Training Acc.: 0.5689759895642248 | Training Loss: 0.2956782228980265
Validation AUROC: 0.5042309165000916 | Validation Acc: 0.48481831757093086 | Validation Loss: 0.3057956375788001
Finished training.
Creating checkpoint.
Best Validation Acc. = 0.5474531275925004 (Epoch = 1)
Finished creating checkpoint.
--------------- Fold 7 ---------------
Training eegnet on dataset1 with {'n_channels': 4, 'n_classes': 2, 'n_samples': 205}
Training Started...
---------------------- Epoch: 0 ----------------------
Training AUROC: 0.5037258863449097 | Training Acc.: 0.5064754800048917 | Training Loss: 0.3090537631098327
Validation AUROC: 0.47370168566703796 | Validation Acc: 0.5151816824290693 | Validation Loss: 0.3057655706012694
---------------------- Epoch: 50 ----------------------
Training AUROC: 0.5711405873298645 | Training Acc.: 0.5444682238799885 | Training Loss: 0.2987674342397864
Validation AUROC: 0.6220341324806213 | Validation Acc: 0.5707648913223826 | Validation Loss: 0.29434845291047185
---------------------- Epoch: 100 ----------------------
Training AUROC: 0.5747625231742859 | Training Acc.: 0.552417349476173 | Training Loss: 0.29905898916202667
Validation AUROC: 0.6278413534164429 | Validation Acc: 0.5747469719595155 | Validation Loss: 0.29466479758218234
---------------------- Epoch: 150 ----------------------
Training AUROC: 0.6050018668174744 | Training Acc.: 0.5840630222983164 | Training Loss: 0.29534685890151735
Validation AUROC: 0.6449310779571533 | Validation Acc: 0.5795586527293844 | Validation Loss: 0.2930383066427302
---------------------- Epoch: 200 ----------------------
Training AUROC: 0.5850352048873901 | Training Acc.: 0.5659002894297012 | Training Loss: 0.29636248402510834
Validation AUROC: 0.6492450833320618 | Validation Acc: 0.5985564957690392 | Validation Loss: 0.2938742311692692
---------------------- Epoch: 250 ----------------------
Training AUROC: 0.5973829030990601 | Training Acc.: 0.5600851983204924 | Training Loss: 0.29497753175948094
Validation AUROC: 0.6557159423828125 | Validation Acc: 0.6053592168574746 | Validation Loss: 0.29132512251223125
---------------------- Epoch: 299 ----------------------
Training AUROC: 0.6104520559310913 | Training Acc.: 0.5868900574782928 | Training Loss: 0.2935647309117863
Validation AUROC: 0.6494109630584717 | Validation Acc: 0.5985564957690392 | Validation Loss: 0.2932589638138738
Finished training.
Creating checkpoint.
Best Validation Acc. = 0.6223660195785632 (Epoch = 252)
Finished creating checkpoint.
--------------- Fold 8 ---------------
Training eegnet on dataset1 with {'n_channels': 4, 'n_classes': 2, 'n_samples': 205}
Training Started...
---------------------- Epoch: 0 ----------------------
Training AUROC: 0.5030481815338135 | Training Acc.: 0.503330479801068 | Training Loss: 0.3109624579024305
Validation AUROC: 0.5093744397163391 | Validation Acc: 0.5120292019246723 | Validation Loss: 0.3018970523662404
---------------------- Epoch: 50 ----------------------
Training AUROC: 0.5608739852905273 | Training Acc.: 0.5336227630345277 | Training Loss: 0.2995544477508584
Validation AUROC: 0.5178364515304565 | Validation Acc: 0.49303135888501737 | Validation Loss: 0.3035919860817296
---------------------- Epoch: 100 ----------------------
Training AUROC: 0.572255551815033 | Training Acc.: 0.5434592964004729 | Training Loss: 0.2983284027323839
Validation AUROC: 0.52248215675354 | Validation Acc: 0.4950223992035838 | Validation Loss: 0.3045427155314931
---------------------- Epoch: 150 ----------------------
Training AUROC: 0.583899974822998 | Training Acc.: 0.5491154049977579 | Training Loss: 0.2967790928533741
Validation AUROC: 0.5228139758110046 | Validation Acc: 0.4828272772523643 | Validation Loss: 0.3061081435756443
---------------------- Epoch: 200 ----------------------
Training AUROC: 0.6027108430862427 | Training Acc.: 0.5606497900615548 | Training Loss: 0.29444540656612844
Validation AUROC: 0.5267960429191589 | Validation Acc: 0.4984237597478015 | Validation Loss: 0.3086780779488884
---------------------- Epoch: 250 ----------------------
Training AUROC: 0.5976723432540894 | Training Acc.: 0.5677836207247973 | Training Loss: 0.295626346377076
Validation AUROC: 0.5304463505744934 | Validation Acc: 0.5018251202920192 | Validation Loss: 0.3089899813359449
---------------------- Epoch: 299 ----------------------
Training AUROC: 0.6079756021499634 | Training Acc.: 0.5701398230809995 | Training Loss: 0.2929095584917401
Validation AUROC: 0.523809552192688 | Validation Acc: 0.49303135888501737 | Validation Loss: 0.3107828359360358
Finished training.
Creating checkpoint.
Best Validation Acc. = 0.5798075327692053 (Epoch = 4)
Finished creating checkpoint.
--------------- Fold 9 ---------------
Training eegnet on dataset1 with {'n_channels': 4, 'n_classes': 2, 'n_samples': 205}
Training Started...
---------------------- Epoch: 0 ----------------------
Training AUROC: 0.5103338360786438 | Training Acc.: 0.5136500754147812 | Training Loss: 0.30950869709382567
Validation AUROC: 0.48116806149482727 | Validation Acc: 0.5438858470217355 | Validation Loss: 0.3022557579863048
---------------------- Epoch: 50 ----------------------
Training AUROC: 0.57356196641922 | Training Acc.: 0.5573519220578045 | Training Loss: 0.29934030320283356
Validation AUROC: 0.611747145652771 | Validation Acc: 0.5939936950389912 | Validation Loss: 0.2950527710993701
---------------------- Epoch: 100 ----------------------
Training AUROC: 0.5574660897254944 | Training Acc.: 0.5440585381761852 | Training Loss: 0.30041466633264813
Validation AUROC: 0.6137381196022034 | Validation Acc: 0.5973950555832088 | Validation Loss: 0.29539099140549485
---------------------- Epoch: 150 ----------------------
Training AUROC: 0.5792507529258728 | Training Acc.: 0.5516000163058986 | Training Loss: 0.2976117943273258
Validation AUROC: 0.614567756652832 | Validation Acc: 0.5866102538576407 | Validation Loss: 0.2946097138571191
---------------------- Epoch: 200 ----------------------
Training AUROC: 0.5831315517425537 | Training Acc.: 0.5690717867188455 | Training Loss: 0.29738980040063506
Validation AUROC: 0.6290028095245361 | Validation Acc: 0.5988053758088601 | Validation Loss: 0.2930534077208515
---------------------- Epoch: 250 ----------------------
Training AUROC: 0.5934348702430725 | Training Acc.: 0.5617504382210265 | Training Loss: 0.29545453217716944
Validation AUROC: 0.6203750371932983 | Validation Acc: 0.5939936950389912 | Validation Loss: 0.29454962066139573
---------------------- Epoch: 299 ----------------------
Training AUROC: 0.5913435816764832 | Training Acc.: 0.5624719742366802 | Training Loss: 0.29571328242068695
Validation AUROC: 0.6190475821495056 | Validation Acc: 0.5886012941762071 | Validation Loss: 0.2941817040450663
Finished training.
Creating checkpoint.
Best Validation Acc. = 0.6333997013439523 (Epoch = 122)
Finished creating checkpoint.
--------------- Fold 10 ---------------
Training eegnet on dataset1 with {'n_channels': 4, 'n_classes': 2, 'n_samples': 205}
Training Started...
---------------------- Epoch: 0 ----------------------
Training AUROC: 0.4705146551132202 | Training Acc.: 0.4731511116016137 | Training Loss: 0.3221682801233894
Validation AUROC: 0.5853579044342041 | Validation Acc: 0.6139455782312925 | Validation Loss: 0.2979980233085793
---------------------- Epoch: 50 ----------------------
Training AUROC: 0.5643314719200134 | Training Acc.: 0.5396203509546408 | Training Loss: 0.30001321084384236
Validation AUROC: 0.4475218653678894 | Validation Acc: 0.44727891156462585 | Validation Loss: 0.31142931364633236
---------------------- Epoch: 100 ----------------------
Training AUROC: 0.6010966897010803 | Training Acc.: 0.5691608726042012 | Training Loss: 0.29609436857815113
Validation AUROC: 0.4523809552192688 | Validation Acc: 0.45918367346938777 | Validation Loss: 0.31192958451808933
---------------------- Epoch: 150 ----------------------
Training AUROC: 0.5934468507766724 | Training Acc.: 0.5565059044255601 | Training Loss: 0.29537872488649314
Validation AUROC: 0.44347262382507324 | Validation Acc: 0.44387755102040816 | Validation Loss: 0.31500784213274563
---------------------- Epoch: 200 ----------------------
Training AUROC: 0.5930912494659424 | Training Acc.: 0.5732504383867368 | Training Loss: 0.29695625944569987
Validation AUROC: 0.4552963972091675 | Validation Acc: 0.4591836734693877 | Validation Loss: 0.3137423223130838
---------------------- Epoch: 250 ----------------------
Training AUROC: 0.6123823523521423 | Training Acc.: 0.5798722240616072 | Training Loss: 0.29242399062811547
Validation AUROC: 0.4633948504924774 | Validation Acc: 0.4642857142857143 | Validation Loss: 0.3146051911983676
---------------------- Epoch: 299 ----------------------
Training AUROC: 0.6253520846366882 | Training Acc.: 0.5956142932470049 | Training Loss: 0.2919125781596368
Validation AUROC: 0.4512471556663513 | Validation Acc: 0.45238095238095233 | Validation Loss: 0.31400681002931513
Finished training.
Creating checkpoint.
Best Validation Acc. = 0.6156462585034014 (Epoch = 1)
Finished creating checkpoint.
--------------- Fold 11 ---------------
Training eegnet on dataset1 with {'n_channels': 4, 'n_classes': 2, 'n_samples': 205}
Training Started...
---------------------- Epoch: 0 ----------------------
Training AUROC: 0.5190739631652832 | Training Acc.: 0.5104385517593064 | Training Loss: 0.30595097475313987
Validation AUROC: 0.5664139986038208 | Validation Acc: 0.5452373104812129 | Validation Loss: 0.30107620221579134
---------------------- Epoch: 50 ----------------------
Training AUROC: 0.5593676567077637 | Training Acc.: 0.5343141254462009 | Training Loss: 0.30057148340655676
Validation AUROC: 0.5921225547790527 | Validation Acc: 0.5982201713909031 | Validation Loss: 0.2981407405837645
---------------------- Epoch: 100 ----------------------
Training AUROC: 0.5704864859580994 | Training Acc.: 0.5392044875063743 | Training Loss: 0.29928324344338375
Validation AUROC: 0.5708635449409485 | Validation Acc: 0.5235662491760052 | Validation Loss: 0.29926234958308484
---------------------- Epoch: 150 ----------------------
Training AUROC: 0.5797879099845886 | Training Acc.: 0.5517797042325344 | Training Loss: 0.2976389579096839
Validation AUROC: 0.5675675868988037 | Validation Acc: 0.5580916282135795 | Validation Loss: 0.2969433487353886
---------------------- Epoch: 200 ----------------------
Training AUROC: 0.5981437563896179 | Training Acc.: 0.5715502294747578 | Training Loss: 0.2959495582159762
Validation AUROC: 0.5721818804740906 | Validation Acc: 0.554713249835201 | Validation Loss: 0.2964524227236485
---------------------- Epoch: 250 ----------------------
Training AUROC: 0.5919979810714722 | Training Acc.: 0.5637225905150434 | Training Loss: 0.29623392182352937
Validation AUROC: 0.5675675868988037 | Validation Acc: 0.5614700065919578 | Validation Loss: 0.2980792302440369
---------------------- Epoch: 299 ----------------------
Training AUROC: 0.601164698600769 | Training Acc.: 0.5774298827129016 | Training Loss: 0.29517548965824547
Validation AUROC: 0.5716875195503235 | Validation Acc: 0.554713249835201 | Validation Loss: 0.2970923531711989
Finished training.
Creating checkpoint.
Best Validation Acc. = 0.6171720500988793 (Epoch = 35)
Finished creating checkpoint.
--------------- Fold 12 ---------------
Training eegnet on dataset1 with {'n_channels': 4, 'n_classes': 2, 'n_samples': 205}
Training Started...
---------------------- Epoch: 0 ----------------------
Training AUROC: 0.4978194832801819 | Training Acc.: 0.4963488016318205 | Training Loss: 0.30881475220936555
Validation AUROC: 0.4820369482040405 | Validation Acc: 0.5025543836519446 | Validation Loss: 0.302676447295461
---------------------- Epoch: 50 ----------------------
Training AUROC: 0.5843610763549805 | Training Acc.: 0.5673992860785313 | Training Loss: 0.29787167744880644
Validation AUROC: 0.5382333397865295 | Validation Acc: 0.4971160184574819 | Validation Loss: 0.3020388683606193
---------------------- Epoch: 100 ----------------------
Training AUROC: 0.5797715187072754 | Training Acc.: 0.5330800611932687 | Training Loss: 0.2970024086512592
Validation AUROC: 0.5405405759811401 | Validation Acc: 0.4971160184574819 | Validation Loss: 0.3012228116789632
---------------------- Epoch: 150 ----------------------
Training AUROC: 0.5971443057060242 | Training Acc.: 0.5883018867924528 | Training Loss: 0.29640729636434493
Validation AUROC: 0.5617996454238892 | Validation Acc: 0.5370797626895187 | Validation Loss: 0.29785700888210237
---------------------- Epoch: 200 ----------------------
Training AUROC: 0.5927383303642273 | Training Acc.: 0.5668281489036207 | Training Loss: 0.2963998997917427
Validation AUROC: 0.5570204257965088 | Validation Acc: 0.48492089650626236 | Validation Loss: 0.29982480638644954
---------------------- Epoch: 250 ----------------------
Training AUROC: 0.6085731983184814 | Training Acc.: 0.582835288118307 | Training Loss: 0.2941197016117365
Validation AUROC: 0.556361198425293 | Validation Acc: 0.5181278839815425 | Validation Loss: 0.29935150653836734
---------------------- Epoch: 299 ----------------------
Training AUROC: 0.6147945523262024 | Training Acc.: 0.5767108618052015 | Training Loss: 0.2921003997263285
Validation AUROC: 0.5527356266975403 | Validation Acc: 0.5323829927488464 | Validation Loss: 0.30093623233333133
Finished training.
Creating checkpoint.
Best Validation Acc. = 0.5425181278839816 (Epoch = 224)
Finished creating checkpoint.
--------------- Fold 13 ---------------
Training eegnet on dataset1 with {'n_channels': 4, 'n_classes': 2, 'n_samples': 205}
Training Started...
---------------------- Epoch: 0 ----------------------
Training AUROC: 0.5159550905227661 | Training Acc.: 0.509347271800102 | Training Loss: 0.3065231143779121
Validation AUROC: 0.44083714485168457 | Validation Acc: 0.39988464073829927 | Validation Loss: 0.30607895758575626
---------------------- Epoch: 50 ----------------------
Training AUROC: 0.565453290939331 | Training Acc.: 0.53907190209077 | Training Loss: 0.29986176841942375
Validation AUROC: 0.4848385453224182 | Validation Acc: 0.49110085695451544 | Validation Loss: 0.30992314962280315
---------------------- Epoch: 100 ----------------------
Training AUROC: 0.6085487008094788 | Training Acc.: 0.5807292197858236 | Training Loss: 0.294725793321592
Validation AUROC: 0.4742913842201233 | Validation Acc: 0.4924192485168095 | Validation Loss: 0.31632265754656735
---------------------- Epoch: 150 ----------------------
Training AUROC: 0.6008526086807251 | Training Acc.: 0.5735696073431922 | Training Loss: 0.2953795041030324
Validation AUROC: 0.4802241623401642 | Validation Acc: 0.48360250494396834 | Validation Loss: 0.3148651640827847
---------------------- Epoch: 200 ----------------------
Training AUROC: 0.6270555257797241 | Training Acc.: 0.5864507904130546 | Training Loss: 0.29223292888226166
Validation AUROC: 0.4747857451438904 | Validation Acc: 0.4599538562953197 | Validation Loss: 0.3169011070153936
---------------------- Epoch: 250 ----------------------
Training AUROC: 0.6056991219520569 | Training Acc.: 0.5809586945436003 | Training Loss: 0.2948011372010105
Validation AUROC: 0.4718194007873535 | Validation Acc: 0.48772247857613715 | Validation Loss: 0.32356401549818137
---------------------- Epoch: 299 ----------------------
Training AUROC: 0.6282712817192078 | Training Acc.: 0.5855736868944417 | Training Loss: 0.2908000921306894
Validation AUROC: 0.46736985445022583 | Validation Acc: 0.4633322346736981 | Validation Loss: 0.3246858418872019
Finished training.
Creating checkpoint.
Best Validation Acc. = 0.5079927488464073 (Epoch = 82)
Finished creating checkpoint.
--------------- Fold 14 ---------------
Training eegnet on dataset1 with {'n_channels': 4, 'n_classes': 2, 'n_samples': 205}
Training Started...
---------------------- Epoch: 0 ----------------------
Training AUROC: 0.5224328637123108 | Training Acc.: 0.5275406628347805 | Training Loss: 0.30837453426118144
Validation AUROC: 0.44814997911453247 | Validation Acc: 0.4765223162435706 | Validation Loss: 0.30712307292532987
---------------------- Epoch: 50 ----------------------
Training AUROC: 0.5681464076042175 | Training Acc.: 0.5497105702988055 | Training Loss: 0.3002296828284174
Validation AUROC: 0.5256346464157104 | Validation Acc: 0.5276256844201095 | Validation Loss: 0.3021761583269127
---------------------- Epoch: 100 ----------------------
Training AUROC: 0.585500955581665 | Training Acc.: 0.5616546410664057 | Training Loss: 0.2974300891736833
Validation AUROC: 0.5304462909698486 | Validation Acc: 0.5378297660527626 | Validation Loss: 0.30255411994157044
---------------------- Epoch: 150 ----------------------
Training AUROC: 0.6029268503189087 | Training Acc.: 0.5697321756145286 | Training Loss: 0.29520443993341455
Validation AUROC: 0.5251368880271912 | Validation Acc: 0.5208229633316741 | Validation Loss: 0.30496721607046423
---------------------- Epoch: 200 ----------------------
Training AUROC: 0.5936569571495056 | Training Acc.: 0.5441196852961558 | Training Loss: 0.29460990991011915
Validation AUROC: 0.5075494050979614 | Validation Acc: 0.49303135888501737 | Validation Loss: 0.30815126570743906
---------------------- Epoch: 250 ----------------------
Training AUROC: 0.583394467830658 | Training Acc.: 0.554490236843178 | Training Loss: 0.2960761328749315
Validation AUROC: 0.5355898141860962 | Validation Acc: 0.5432221669155467 | Validation Loss: 0.30706775703051375
---------------------- Epoch: 299 ----------------------
Training AUROC: 0.6034650206565857 | Training Acc.: 0.5702335819982879 | Training Loss: 0.29482250848392993
Validation AUROC: 0.5107018351554871 | Validation Acc: 0.5140202422432387 | Validation Loss: 0.31194873695724157
Finished training.
Creating checkpoint.
Best Validation Acc. = 0.5432221669155467 (Epoch = 59)
Finished creating checkpoint.
--------------- Fold 15 ---------------
Training eegnet on dataset1 with {'n_channels': 4, 'n_classes': 2, 'n_samples': 205}
Training Started...
---------------------- Epoch: 0 ----------------------
Training AUROC: 0.5393664836883545 | Training Acc.: 0.5322367616485264 | Training Loss: 0.3061010972275329
Validation AUROC: 0.57773357629776 | Validation Acc: 0.5228140036502406 | Validation Loss: 0.2977538817527539
---------------------- Epoch: 50 ----------------------
Training AUROC: 0.5599873065948486 | Training Acc.: 0.5454404630875218 | Training Loss: 0.30079700711639595
Validation AUROC: 0.52248215675354 | Validation Acc: 0.4794259167081467 | Validation Loss: 0.3077091691886293
---------------------- Epoch: 100 ----------------------
Training AUROC: 0.5984662175178528 | Training Acc.: 0.5782479311891076 | Training Loss: 0.2963872301780631
Validation AUROC: 0.5223162770271301 | Validation Acc: 0.49162103865936624 | Validation Loss: 0.3084431872136358
---------------------- Epoch: 150 ----------------------
Training AUROC: 0.6064693927764893 | Training Acc.: 0.579536097183156 | Training Loss: 0.29462667556575123
Validation AUROC: 0.5238094925880432 | Validation Acc: 0.486228637796582 | Validation Loss: 0.30793319383515355
---------------------- Epoch: 200 ----------------------
Training AUROC: 0.607239842414856 | Training Acc.: 0.5753250988545107 | Training Loss: 0.29494997135168255
Validation AUROC: 0.5254687070846558 | Validation Acc: 0.5174216027874564 | Validation Loss: 0.3088255239097997
---------------------- Epoch: 250 ----------------------
Training AUROC: 0.6181443929672241 | Training Acc.: 0.5918857771798949 | Training Loss: 0.29214916719358897
Validation AUROC: 0.5302804112434387 | Validation Acc: 0.5188319230131077 | Validation Loss: 0.3094456104557337
---------------------- Epoch: 299 ----------------------
Training AUROC: 0.6061922311782837 | Training Acc.: 0.5651094533447474 | Training Loss: 0.29430873865337964
Validation AUROC: 0.535589873790741 | Validation Acc: 0.5222332835573253 | Validation Loss: 0.3123849316879081
Finished training.
Creating checkpoint.
Best Validation Acc. = 0.5486145677783308 (Epoch = 1)
Finished creating checkpoint.
--------------- Fold 16 ---------------
Training eegnet on dataset1 with {'n_channels': 4, 'n_classes': 2, 'n_samples': 205}
Training Started...
---------------------- Epoch: 0 ----------------------
Training AUROC: 0.492022305727005 | Training Acc.: 0.48431984020219315 | Training Loss: 0.3094303854718776
Validation AUROC: 0.6077650785446167 | Validation Acc: 0.5877716940434711 | Validation Loss: 0.29929471011223757
---------------------- Epoch: 50 ----------------------
Training AUROC: 0.5615884065628052 | Training Acc.: 0.5426113896702132 | Training Loss: 0.2996044276852597
Validation AUROC: 0.5822133421897888 | Validation Acc: 0.5687738510038162 | Validation Loss: 0.29763528103460907
---------------------- Epoch: 100 ----------------------
Training AUROC: 0.5767396092414856 | Training Acc.: 0.5684745831804655 | Training Loss: 0.2986018312720686
Validation AUROC: 0.5983076691627502 | Validation Acc: 0.563381450141032 | Validation Loss: 0.2960138447049437
---------------------- Epoch: 150 ----------------------
Training AUROC: 0.578671932220459 | Training Acc.: 0.5577269577269577 | Training Loss: 0.2980402440933684
Validation AUROC: 0.5961506962776184 | Validation Acc: 0.549195287871246 | Validation Loss: 0.295537529479498
---------------------- Epoch: 200 ----------------------
Training AUROC: 0.5944967269897461 | Training Acc.: 0.5678141942847825 | Training Loss: 0.29641431827835
Validation AUROC: 0.5906752943992615 | Validation Acc: 0.5316077650572424 | Validation Loss: 0.2959185984633897
---------------------- Epoch: 250 ----------------------
Training AUROC: 0.6136337518692017 | Training Acc.: 0.5855387061269415 | Training Loss: 0.2948827223015946
Validation AUROC: 0.5790609121322632 | Validation Acc: 0.5457939273270285 | Validation Loss: 0.2981404561624184
---------------------- Epoch: 299 ----------------------
Training AUROC: 0.6197994351387024 | Training Acc.: 0.5890261302026008 | Training Loss: 0.2929204199955839
Validation AUROC: 0.5774016380310059 | Validation Acc: 0.563381450141032 | Validation Loss: 0.2980192355812192
Finished training.
Creating checkpoint.
Best Validation Acc. = 0.5945744151319065 (Epoch = 26)
Finished creating checkpoint.
--------------- Fold 17 ---------------
Training eegnet on dataset1 with {'n_channels': 4, 'n_classes': 2, 'n_samples': 205}
Training Started...
---------------------- Epoch: 0 ----------------------
Training AUROC: 0.4581713080406189 | Training Acc.: 0.4647425706249236 | Training Loss: 0.31681929537685594
Validation AUROC: 0.3776339888572693 | Validation Acc: 0.3841878214700514 | Validation Loss: 0.3168687119899678
---------------------- Epoch: 50 ----------------------
Training AUROC: 0.5571460723876953 | Training Acc.: 0.544653703477233 | Training Loss: 0.2998807700533401
Validation AUROC: 0.5646257996559143 | Validation Acc: 0.5409822465571594 | Validation Loss: 0.2938043112755408
---------------------- Epoch: 100 ----------------------
Training AUROC: 0.5937446355819702 | Training Acc.: 0.5671864171864172 | Training Loss: 0.29721277799414436
Validation AUROC: 0.5644599199295044 | Validation Acc: 0.5545876887340302 | Validation Loss: 0.2942347557406196
---------------------- Epoch: 150 ----------------------
Training AUROC: 0.5995709300041199 | Training Acc.: 0.5665260282907342 | Training Loss: 0.29528749666220694
Validation AUROC: 0.5486975312232971 | Validation Acc: 0.5389912062385931 | Validation Loss: 0.29710061070869387
---------------------- Epoch: 200 ----------------------
Training AUROC: 0.5983469486236572 | Training Acc.: 0.5689454160042395 | Training Loss: 0.2956646855690953
Validation AUROC: 0.5586526989936829 | Validation Acc: 0.568193130910901 | Validation Loss: 0.29644722121481853
---------------------- Epoch: 250 ----------------------
Training AUROC: 0.6067383885383606 | Training Acc.: 0.5657086951204597 | Training Loss: 0.2936497325116465
Validation AUROC: 0.5457109212875366 | Validation Acc: 0.554006968641115 | Validation Loss: 0.29823069497178584
---------------------- Epoch: 299 ----------------------
Training AUROC: 0.6232196092605591 | Training Acc.: 0.5906302229831641 | Training Loss: 0.29197752318990144
Validation AUROC: 0.561307430267334 | Validation Acc: 0.5851999336319893 | Validation Loss: 0.29721545723339576
Finished training.
Creating checkpoint.
Best Validation Acc. = 0.5851999336319893 (Epoch = 299)
Finished creating checkpoint.
--------------- Fold 18 ---------------
Training eegnet on dataset1 with {'n_channels': 4, 'n_classes': 2, 'n_samples': 205}
Training Started...
---------------------- Epoch: 0 ----------------------
Training AUROC: 0.49598467350006104 | Training Acc.: 0.4959989401165872 | Training Loss: 0.3090835915078281
Validation AUROC: 0.5400696992874146 | Validation Acc: 0.5102870416459266 | Validation Loss: 0.3032551980427909
---------------------- Epoch: 50 ----------------------
Training AUROC: 0.5388386249542236 | Training Acc.: 0.5206453059394236 | Training Loss: 0.30140362465200743
Validation AUROC: 0.5790608525276184 | Validation Acc: 0.5072175211548033 | Validation Loss: 0.3003026755199108
---------------------- Epoch: 100 ----------------------
Training AUROC: 0.6045839786529541 | Training Acc.: 0.5710509151685623 | Training Loss: 0.29488067197592416
Validation AUROC: 0.6039488911628723 | Validation Acc: 0.5954040152646425 | Validation Loss: 0.29691443077559343
---------------------- Epoch: 150 ----------------------
Training AUROC: 0.596316933631897 | Training Acc.: 0.557631160572337 | Training Loss: 0.2961002294275253
Validation AUROC: 0.6080969572067261 | Validation Acc: 0.6070184171229467 | Validation Loss: 0.29824913481252274
---------------------- Epoch: 200 ----------------------
Training AUROC: 0.6064876914024353 | Training Acc.: 0.5746973217561453 | Training Loss: 0.2948215928153936
Validation AUROC: 0.6095901727676392 | Validation Acc: 0.6070184171229467 | Validation Loss: 0.2940333532061049
---------------------- Epoch: 250 ----------------------
Training AUROC: 0.6076719164848328 | Training Acc.: 0.5784354490236843 | Training Loss: 0.2945008525035282
Validation AUROC: 0.6014600396156311 | Validation Acc: 0.6260162601626016 | Validation Loss: 0.2969013384518201
---------------------- Epoch: 299 ----------------------
Training AUROC: 0.6113938093185425 | Training Acc.: 0.5813582813582814 | Training Loss: 0.2941964427075537
Validation AUROC: 0.5956528782844543 | Validation Acc: 0.5684420109507218 | Validation Loss: 0.2972516517060791
Finished training.
Creating checkpoint.
Best Validation Acc. = 0.6484154637464742 (Epoch = 169)
Finished creating checkpoint.
--------------- Fold 19 ---------------
Training eegnet on dataset1 with {'n_channels': 4, 'n_classes': 2, 'n_samples': 205}
Training Started...
---------------------- Epoch: 0 ----------------------
Training AUROC: 0.5267416834831238 | Training Acc.: 0.5107802372508254 | Training Loss: 0.3085967133495207
Validation AUROC: 0.4582710862159729 | Validation Acc: 0.42019246723079473 | Validation Loss: 0.3073365820946938
---------------------- Epoch: 50 ----------------------
Training AUROC: 0.5723717212677002 | Training Acc.: 0.5551180139415433 | Training Loss: 0.2989752787834097
Validation AUROC: 0.4727061688899994 | Validation Acc: 0.5018251202920192 | Validation Loss: 0.3058279580049977
---------------------- Epoch: 100 ----------------------
Training AUROC: 0.5718458294868469 | Training Acc.: 0.5508438302555949 | Training Loss: 0.298733678402423
Validation AUROC: 0.47419944405555725 | Validation Acc: 0.5364194458271113 | Validation Loss: 0.3090672145620834
---------------------- Epoch: 150 ----------------------
Training AUROC: 0.5895642638206482 | Training Acc.: 0.5491154049977579 | Training Loss: 0.29699077919026406
Validation AUROC: 0.4678944945335388 | Validation Acc: 0.5140202422432387 | Validation Loss: 0.3072294144702293
---------------------- Epoch: 200 ----------------------
Training AUROC: 0.6076331734657288 | Training Acc.: 0.58299294769883 | Training Loss: 0.2950776032409801
Validation AUROC: 0.4542890191078186 | Validation Acc: 0.4876389580222333 | Validation Loss: 0.3089208323890105
---------------------- Epoch: 250 ----------------------
Training AUROC: 0.6063634157180786 | Training Acc.: 0.5825832619950266 | Training Loss: 0.2948828115060759
Validation AUROC: 0.4572755694389343 | Validation Acc: 0.5086278413804546 | Validation Loss: 0.3116158473303069
---------------------- Epoch: 299 ----------------------
Training AUROC: 0.6288063526153564 | Training Acc.: 0.5848783172312584 | Training Loss: 0.29139329397131153
Validation AUROC: 0.44897955656051636 | Validation Acc: 0.4876389580222333 | Validation Loss: 0.3108277337092706
Finished training.
Creating checkpoint.
Best Validation Acc. = 0.5520159283225485 (Epoch = 89)
Finished creating checkpoint.
--------------- Fold 20 ---------------
Training eegnet on dataset1 with {'n_channels': 4, 'n_classes': 2, 'n_samples': 205}
Training Started...
---------------------- Epoch: 0 ----------------------
Training AUROC: 0.5071408748626709 | Training Acc.: 0.5149388711081682 | Training Loss: 0.31251096565055386
Validation AUROC: 0.44363462924957275 | Validation Acc: 0.48299319727891155 | Validation Loss: 0.3119583567078049
---------------------- Epoch: 50 ----------------------
Training AUROC: 0.563513994216919 | Training Acc.: 0.5456075488356693 | Training Loss: 0.2999190033639511
Validation AUROC: 0.625364363193512 | Validation Acc: 0.6224489795918366 | Validation Loss: 0.298766376527089
---------------------- Epoch: 100 ----------------------
Training AUROC: 0.5999010801315308 | Training Acc.: 0.5662393162393162 | Training Loss: 0.29495952117005925
Validation AUROC: 0.6175898909568787 | Validation Acc: 0.5969387755102041 | Validation Loss: 0.2976052273205903
---------------------- Epoch: 150 ----------------------
Training AUROC: 0.5987034440040588 | Training Acc.: 0.5767728604887858 | Training Loss: 0.2958365567818721
Validation AUROC: 0.5965338349342346 | Validation Acc: 0.5884353741496599 | Validation Loss: 0.2994558081482832
---------------------- Epoch: 200 ----------------------
Training AUROC: 0.6110519170761108 | Training Acc.: 0.5836429631264639 | Training Loss: 0.2940458028479638
Validation AUROC: 0.5958859920501709 | Validation Acc: 0.5748299319727891 | Validation Loss: 0.2989993609006327
---------------------- Epoch: 250 ----------------------
Training AUROC: 0.6243464946746826 | Training Acc.: 0.5965922328906548 | Training Loss: 0.29249859866008276
Validation AUROC: 0.5950761437416077 | Validation Acc: 0.5697278911564626 | Validation Loss: 0.29863274649807686
---------------------- Epoch: 299 ----------------------
Training AUROC: 0.6144874095916748 | Training Acc.: 0.5840322995990141 | Training Loss: 0.2939381096412541
Validation AUROC: 0.5996112823486328 | Validation Acc: 0.5952380952380952 | Validation Loss: 0.2980520793579966
Finished training.
Creating checkpoint.
Best Validation Acc. = 0.6292517006802721 (Epoch = 101)
Finished creating checkpoint.
--------------- Fold 21 ---------------
Training eegnet on dataset1 with {'n_channels': 4, 'n_classes': 2, 'n_samples': 205}
Training Started...
---------------------- Epoch: 0 ----------------------
Training AUROC: 0.5042855739593506 | Training Acc.: 0.5063335033146354 | Training Loss: 0.3073151085024137
Validation AUROC: 0.5270270109176636 | Validation Acc: 0.5090639419907712 | Validation Loss: 0.3033108879376705
---------------------- Epoch: 50 ----------------------
Training AUROC: 0.5643202662467957 | Training Acc.: 0.5453646098929118 | Training Loss: 0.2998215772897871
Validation AUROC: 0.5636124014854431 | Validation Acc: 0.5248846407382992 | Validation Loss: 0.2995461883877661
---------------------- Epoch: 100 ----------------------
Training AUROC: 0.5805395245552063 | Training Acc.: 0.5630035696073432 | Training Loss: 0.2974838400405472
Validation AUROC: 0.5685563087463379 | Validation Acc: 0.5357613711272248 | Validation Loss: 0.2978331040230228
---------------------- Epoch: 150 ----------------------
Training AUROC: 0.6009933948516846 | Training Acc.: 0.5832126466088731 | Training Loss: 0.29527288733595436
Validation AUROC: 0.5570204257965088 | Validation Acc: 0.4822841133816744 | Validation Loss: 0.297883892342195
---------------------- Epoch: 200 ----------------------
Training AUROC: 0.6072024703025818 | Training Acc.: 0.5779653238143804 | Training Loss: 0.2942582350646675
Validation AUROC: 0.5570204257965088 | Validation Acc: 0.48360250494396834 | Validation Loss: 0.296552174853392
---------------------- Epoch: 250 ----------------------
Training AUROC: 0.6117246747016907 | Training Acc.: 0.5831871494135645 | Training Loss: 0.29481651617112664
Validation AUROC: 0.5535596609115601 | Validation Acc: 0.4971160184574819 | Validation Loss: 0.2953834340895255
---------------------- Epoch: 299 ----------------------
Training AUROC: 0.6168118715286255 | Training Acc.: 0.5820550739418664 | Training Loss: 0.2930581852372396
Validation AUROC: 0.5357613563537598 | Validation Acc: 0.48698088332234674 | Validation Loss: 0.29685454014659146
Finished training.
Creating checkpoint.
Best Validation Acc. = 0.5770435069215557 (Epoch = 66)
Finished creating checkpoint.
--------------- Fold 22 ---------------
Training eegnet on dataset1 with {'n_channels': 4, 'n_classes': 2, 'n_samples': 205}
Training Started...
---------------------- Epoch: 0 ----------------------
Training AUROC: 0.48676797747612 | Training Acc.: 0.5062468128505864 | Training Loss: 0.31891933672718337
Validation AUROC: 0.5881674885749817 | Validation Acc: 0.5758899143045485 | Validation Loss: 0.30348619295602225
---------------------- Epoch: 50 ----------------------
Training AUROC: 0.5844467282295227 | Training Acc.: 0.558281489036206 | Training Loss: 0.29758691915613983
Validation AUROC: 0.6013513803482056 | Validation Acc: 0.5952537903757416 | Validation Loss: 0.29561352369257937
---------------------- Epoch: 100 ----------------------
Training AUROC: 0.5761346220970154 | Training Acc.: 0.5652932177460479 | Training Loss: 0.29907869076288296
Validation AUROC: 0.6067897081375122 | Validation Acc: 0.6074489123269611 | Validation Loss: 0.2947215772569283
---------------------- Epoch: 150 ----------------------
Training AUROC: 0.5891280174255371 | Training Acc.: 0.5613972463029067 | Training Loss: 0.29667561086368494
Validation AUROC: 0.6051416993141174 | Validation Acc: 0.5952537903757416 | Validation Loss: 0.29345492883245144
---------------------- Epoch: 200 ----------------------
Training AUROC: 0.5885446667671204 | Training Acc.: 0.5655736868944417 | Training Loss: 0.2966077822373845
Validation AUROC: 0.5998681783676147 | Validation Acc: 0.5716051417270929 | Validation Loss: 0.29439140158853777
---------------------- Epoch: 250 ----------------------
Training AUROC: 0.5941723585128784 | Training Acc.: 0.5628454869964303 | Training Loss: 0.29652781849806736
Validation AUROC: 0.6021753549575806 | Validation Acc: 0.5716051417270929 | Validation Loss: 0.29407876965629537
---------------------- Epoch: 299 ----------------------
Training AUROC: 0.5933237671852112 | Training Acc.: 0.5691636919938807 | Training Loss: 0.2965573823517805
Validation AUROC: 0.6053065657615662 | Validation Acc: 0.5926170072511536 | Validation Loss: 0.2946607127236132
Finished training.
Creating checkpoint.
Best Validation Acc. = 0.620385629531971 (Epoch = 281)
Finished creating checkpoint.
--------------- Fold 23 ---------------
Training eegnet on dataset1 with {'n_channels': 4, 'n_classes': 2, 'n_samples': 205}
Training Started...
---------------------- Epoch: 0 ----------------------
Training AUROC: 0.5171626806259155 | Training Acc.: 0.5083936766955635 | Training Loss: 0.31022270526771
Validation AUROC: 0.5383981466293335 | Validation Acc: 0.5454845088991431 | Validation Loss: 0.30578042430965163
---------------------- Epoch: 50 ----------------------
Training AUROC: 0.5343610048294067 | Training Acc.: 0.538317185109638 | Training Loss: 0.30339284801819627
Validation AUROC: 0.5237310528755188 | Validation Acc: 0.49390243902439024 | Validation Loss: 0.302285362029396
---------------------- Epoch: 100 ----------------------
Training AUROC: 0.5822600722312927 | Training Acc.: 0.571805201427843 | Training Loss: 0.2984832633360856
Validation AUROC: 0.5346077680587769 | Validation Acc: 0.5066743572841134 | Validation Loss: 0.30259229820786826
---------------------- Epoch: 150 ----------------------
Training AUROC: 0.5895012617111206 | Training Acc.: 0.5546659867414585 | Training Loss: 0.2968827662994716
Validation AUROC: 0.554713249206543 | Validation Acc: 0.5507580751483191 | Validation Loss: 0.30180925112081886
---------------------- Epoch: 200 ----------------------
Training AUROC: 0.610353946685791 | Training Acc.: 0.5713309535951046 | Training Loss: 0.29435817965744726
Validation AUROC: 0.5746539235115051 | Validation Acc: 0.5588332234673699 | Validation Loss: 0.3003171951645559
---------------------- Epoch: 250 ----------------------
Training AUROC: 0.6181702613830566 | Training Acc.: 0.5858184599694034 | Training Loss: 0.29255594521235284
Validation AUROC: 0.5848715305328369 | Validation Acc: 0.567649967040211 | Validation Loss: 0.30036801687967646
---------------------- Epoch: 299 ----------------------
Training AUROC: 0.6150555610656738 | Training Acc.: 0.5788169301376849 | Training Loss: 0.29428826455994406
Validation AUROC: 0.586025059223175 | Validation Acc: 0.567649967040211 | Validation Loss: 0.2987657386940395
Finished training.
Creating checkpoint.
Best Validation Acc. = 0.5879202373104813 (Epoch = 236)
Finished creating checkpoint.
--------------- Fold 24 ---------------
Training eegnet on dataset1 with {'n_channels': 4, 'n_classes': 2, 'n_samples': 205}
Training Started...
---------------------- Epoch: 0 ----------------------
Training AUROC: 0.5115343928337097 | Training Acc.: 0.503324365089071 | Training Loss: 0.31089754032361366
Validation AUROC: 0.4806702733039856 | Validation Acc: 0.46407831425253027 | Validation Loss: 0.3047708771701709
---------------------- Epoch: 50 ----------------------
Training AUROC: 0.5607700347900391 | Training Acc.: 0.5415718886307122 | Training Loss: 0.3013600379587112
Validation AUROC: 0.4985896646976471 | Validation Acc: 0.5066368010618881 | Validation Loss: 0.3032186535961588
---------------------- Epoch: 100 ----------------------
Training AUROC: 0.5748134851455688 | Training Acc.: 0.5594859565447801 | Training Loss: 0.29883557755849954
Validation AUROC: 0.5048946142196655 | Validation Acc: 0.5100381616061058 | Validation Loss: 0.30374257589242387
---------------------- Epoch: 150 ----------------------
Training AUROC: 0.5911704301834106 | Training Acc.: 0.5630671395377278 | Training Loss: 0.29831830919997504
Validation AUROC: 0.49693048000335693 | Validation Acc: 0.4828272772523643 | Validation Loss: 0.3046713224100623
---------------------- Epoch: 200 ----------------------
Training AUROC: 0.6139802932739258 | Training Acc.: 0.5879580938404467 | Training Loss: 0.29482167371990314
Validation AUROC: 0.507383406162262 | Validation Acc: 0.4896299983407997 | Validation Loss: 0.30355780432194895
---------------------- Epoch: 250 ----------------------
Training AUROC: 0.6032958030700684 | Training Acc.: 0.5657392686804452 | Training Loss: 0.29555625120626094
Validation AUROC: 0.5123609900474548 | Validation Acc: 0.5052264808362369 | Validation Loss: 0.3022464122153406
---------------------- Epoch: 299 ----------------------
Training AUROC: 0.594331681728363 | Training Acc.: 0.5751049692226162 | Training Loss: 0.2964305584751906
Validation AUROC: 0.5075494050979614 | Validation Acc: 0.5038161606105858 | Validation Loss: 0.30353996636079705
Finished training.
Creating checkpoint.
Best Validation Acc. = 0.5384104861456778 (Epoch = 280)
Finished creating checkpoint.
--------------- Fold 25 ---------------
Training eegnet on dataset1 with {'n_channels': 4, 'n_classes': 2, 'n_samples': 205}
Training Started...
---------------------- Epoch: 0 ----------------------
Training AUROC: 0.5008560419082642 | Training Acc.: 0.503106273694509 | Training Loss: 0.30662192938292526
Validation AUROC: 0.38593000173568726 | Validation Acc: 0.4609258337481334 | Validation Loss: 0.3048829120475908
---------------------- Epoch: 50 ----------------------
Training AUROC: 0.5591476559638977 | Training Acc.: 0.5262341527047409 | Training Loss: 0.29949848918770644
Validation AUROC: 0.5558320879936218 | Validation Acc: 0.5236436037829766 | Validation Loss: 0.30203974918726045
---------------------- Epoch: 100 ----------------------
Training AUROC: 0.5941563844680786 | Training Acc.: 0.5634768252415312 | Training Loss: 0.2970572402149209
Validation AUROC: 0.5654554963111877 | Validation Acc: 0.5520159283225485 | Validation Loss: 0.30300552084890464
---------------------- Epoch: 150 ----------------------
Training AUROC: 0.5874056816101074 | Training Acc.: 0.5617483999836941 | Training Loss: 0.2965788838736395
Validation AUROC: 0.558486819267273 | Validation Acc: 0.5228140036502406 | Validation Loss: 0.3034486573158353
---------------------- Epoch: 200 ----------------------
Training AUROC: 0.6102808713912964 | Training Acc.: 0.5693530634707105 | Training Loss: 0.2928424251622359
Validation AUROC: 0.5676124095916748 | Validation Acc: 0.51543056246889 | Validation Loss: 0.3039162180717641
---------------------- Epoch: 250 ----------------------
Training AUROC: 0.6151502132415771 | Training Acc.: 0.5811381517263869 | Training Loss: 0.2939723228471684
Validation AUROC: 0.5709308385848999 | Validation Acc: 0.5520159283225485 | Validation Loss: 0.30266289217074344
---------------------- Epoch: 299 ----------------------
Training AUROC: 0.6245200037956238 | Training Acc.: 0.5908177408177409 | Training Loss: 0.293214874542242
Validation AUROC: 0.5808860063552856 | Validation Acc: 0.5242243238758918 | Validation Loss: 0.30287905567731666
Finished training.
Creating checkpoint.
Best Validation Acc. = 0.5554172888667662 (Epoch = 99)
Finished creating checkpoint.
--------------- Fold 26 ---------------
Training eegnet on dataset1 with {'n_channels': 4, 'n_classes': 2, 'n_samples': 205}
Training Started...
---------------------- Epoch: 0 ----------------------
Training AUROC: 0.49244630336761475 | Training Acc.: 0.49786188903835965 | Training Loss: 0.3104385842372139
Validation AUROC: 0.5012443661689758 | Validation Acc: 0.5168408826945412 | Validation Loss: 0.3029214378748229
---------------------- Epoch: 50 ----------------------
Training AUROC: 0.5743141174316406 | Training Acc.: 0.5605213811096164 | Training Loss: 0.2982445771052338
Validation AUROC: 0.5176705121994019 | Validation Acc: 0.4932802389248382 | Validation Loss: 0.30348695111321383
---------------------- Epoch: 100 ----------------------
Training AUROC: 0.5535261034965515 | Training Acc.: 0.5381782234723411 | Training Loss: 0.30126208869399423
Validation AUROC: 0.5246391296386719 | Validation Acc: 0.4898788783806205 | Validation Loss: 0.30353313254993064
---------------------- Epoch: 150 ----------------------
Training AUROC: 0.601186215877533 | Training Acc.: 0.5628796217031511 | Training Loss: 0.29521424431581855
Validation AUROC: 0.5286211967468262 | Validation Acc: 0.50207400033184 | Validation Loss: 0.30962885355833275
---------------------- Epoch: 200 ----------------------
Training AUROC: 0.6002833247184753 | Training Acc.: 0.5683482124658595 | Training Loss: 0.2949765288439573
Validation AUROC: 0.518334150314331 | Validation Acc: 0.4796747967479674 | Validation Loss: 0.3106724178855306
---------------------- Epoch: 250 ----------------------
Training AUROC: 0.6050406098365784 | Training Acc.: 0.5754494313317843 | Training Loss: 0.29557584983633145
Validation AUROC: 0.5267961025238037 | Validation Acc: 0.49186991869918695 | Validation Loss: 0.31201530074391326
---------------------- Epoch: 299 ----------------------
Training AUROC: 0.6148995161056519 | Training Acc.: 0.5779951897598956 | Training Loss: 0.2923186399802412
Validation AUROC: 0.52264803647995 | Validation Acc: 0.4830761572921851 | Validation Loss: 0.31352335414878424
Finished training.
Creating checkpoint.
Best Validation Acc. = 0.5480338476854156 (Epoch = 1)
Finished creating checkpoint.
--------------- Fold 27 ---------------
Training eegnet on dataset1 with {'n_channels': 4, 'n_classes': 2, 'n_samples': 205}
Training Started...
---------------------- Epoch: 0 ----------------------
Training AUROC: 0.4698300361633301 | Training Acc.: 0.48380416615710736 | Training Loss: 0.3119861517979394
Validation AUROC: 0.48564794659614563 | Validation Acc: 0.5043139206902273 | Validation Loss: 0.3092437578557305
---------------------- Epoch: 50 ----------------------
Training AUROC: 0.5451918244361877 | Training Acc.: 0.5443072031307326 | Training Loss: 0.30367257202680226
Validation AUROC: 0.4247552752494812 | Validation Acc: 0.4408495105359217 | Validation Loss: 0.30746107969553743
---------------------- Epoch: 100 ----------------------
Training AUROC: 0.5858811736106873 | Training Acc.: 0.5590130854836737 | Training Loss: 0.29786490887236583
Validation AUROC: 0.42674633860588074 | Validation Acc: 0.4680603948896632 | Validation Loss: 0.3061932937745513
---------------------- Epoch: 150 ----------------------
Training AUROC: 0.6026802659034729 | Training Acc.: 0.5617483999836941 | Training Loss: 0.2943809009123128
Validation AUROC: 0.4292351007461548 | Validation Acc: 0.466650074664012 | Validation Loss: 0.3089918297611813
---------------------- Epoch: 200 ----------------------
Training AUROC: 0.6097040176391602 | Training Acc.: 0.5728730993436876 | Training Loss: 0.2944339708016638
Validation AUROC: 0.44201093912124634 | Validation Acc: 0.4652397544383607 | Validation Loss: 0.309329404104334
---------------------- Epoch: 250 ----------------------
Training AUROC: 0.6013330221176147 | Training Acc.: 0.5637907137907138 | Training Loss: 0.2952941926308271
Validation AUROC: 0.45312756299972534 | Validation Acc: 0.47884519661523145 | Validation Loss: 0.3088286356036587
---------------------- Epoch: 299 ----------------------
Training AUROC: 0.6106844544410706 | Training Acc.: 0.5800069300069299 | Training Loss: 0.2940708432021874
Validation AUROC: 0.45213210582733154 | Validation Acc: 0.4828272772523643 | Validation Loss: 0.31064633883101295
Finished training.
Creating checkpoint.
Best Validation Acc. = 0.5080471212875395 (Epoch = 246)
Finished creating checkpoint.
--------------- Fold 28 ---------------
Training eegnet on dataset1 with {'n_channels': 4, 'n_classes': 2, 'n_samples': 205}
Training Started...
---------------------- Epoch: 0 ----------------------
Training AUROC: 0.4705066978931427 | Training Acc.: 0.4783050018344136 | Training Loss: 0.30934103387428835
Validation AUROC: 0.47005143761634827 | Validation Acc: 0.5153476024556164 | Validation Loss: 0.30535973304059943
---------------------- Epoch: 50 ----------------------
Training AUROC: 0.5858994722366333 | Training Acc.: 0.5568770127593656 | Training Loss: 0.29694708093226463
Validation AUROC: 0.5246390700340271 | Validation Acc: 0.5208229633316741 | Validation Loss: 0.3063580227486054
---------------------- Epoch: 100 ----------------------
Training AUROC: 0.589690625667572 | Training Acc.: 0.5574742162977457 | Training Loss: 0.2967123095919823
Validation AUROC: 0.5204911231994629 | Validation Acc: 0.5160112825618053 | Validation Loss: 0.3049685539425308
---------------------- Epoch: 150 ----------------------
Training AUROC: 0.6134381294250488 | Training Acc.: 0.5855692796869267 | Training Loss: 0.2935312664694505
Validation AUROC: 0.5224820971488953 | Validation Acc: 0.5457939273270285 | Validation Loss: 0.30451332066624665
---------------------- Epoch: 200 ----------------------
Training AUROC: 0.6159166097640991 | Training Acc.: 0.5819228730993437 | Training Loss: 0.2929470232019221
Validation AUROC: 0.5175045728683472 | Validation Acc: 0.5253857640617223 | Validation Loss: 0.3073668369026133
---------------------- Epoch: 250 ----------------------
Training AUROC: 0.6137988567352295 | Training Acc.: 0.5858831682361094 | Training Loss: 0.2936384059460151
Validation AUROC: 0.5201592445373535 | Validation Acc: 0.5267960842873736 | Validation Loss: 0.3039352555919483
---------------------- Epoch: 299 ----------------------
Training AUROC: 0.6117565631866455 | Training Acc.: 0.5912253882842118 | Training Loss: 0.2940560562846095
Validation AUROC: 0.5128588080406189 | Validation Acc: 0.5111996017919362 | Validation Loss: 0.30556358410256834
Finished training.
Creating checkpoint.
Best Validation Acc. = 0.575493612078978 (Epoch = 7)
Finished creating checkpoint.
--------------- Fold 29 ---------------
Training eegnet on dataset1 with {'n_channels': 4, 'n_classes': 2, 'n_samples': 205}
Training Started...
---------------------- Epoch: 0 ----------------------
Training AUROC: 0.5322714447975159 | Training Acc.: 0.5352676205617382 | Training Loss: 0.3089258273765732
Validation AUROC: 0.5115314722061157 | Validation Acc: 0.5557491289198606 | Validation Loss: 0.3031229793141732
---------------------- Epoch: 50 ----------------------
Training AUROC: 0.5495271682739258 | Training Acc.: 0.531517263870205 | Training Loss: 0.303078286943478
Validation AUROC: 0.5269620418548584 | Validation Acc: 0.47204247552679607 | Validation Loss: 0.3007297113593244
---------------------- Epoch: 100 ----------------------
Training AUROC: 0.5801985263824463 | Training Acc.: 0.5621886592474827 | Training Loss: 0.2990152454448695
Validation AUROC: 0.5329351425170898 | Validation Acc: 0.5092085614733699 | Validation Loss: 0.3011554425869341
---------------------- Epoch: 150 ----------------------
Training AUROC: 0.6072153449058533 | Training Acc.: 0.5685071949777832 | Training Loss: 0.2945449213585866
Validation AUROC: 0.5380786061286926 | Validation Acc: 0.5321884851501577 | Validation Loss: 0.3022214046148875
---------------------- Epoch: 200 ----------------------
Training AUROC: 0.6149871349334717 | Training Acc.: 0.5786250050955932 | Training Loss: 0.2940954319881777
Validation AUROC: 0.5506885647773743 | Validation Acc: 0.549195287871246 | Validation Loss: 0.3004199547778296
---------------------- Epoch: 250 ----------------------
Training AUROC: 0.6197301149368286 | Training Acc.: 0.5849415025885614 | Training Loss: 0.2933939371019925
Validation AUROC: 0.5485315918922424 | Validation Acc: 0.5613904098224656 | Validation Loss: 0.30281622306910966
---------------------- Epoch: 299 ----------------------
Training AUROC: 0.6144653558731079 | Training Acc.: 0.5814214667155844 | Training Loss: 0.2930915554298534
Validation AUROC: 0.5591504573822021 | Validation Acc: 0.5579890492782479 | Validation Loss: 0.3011629774824987
Finished training.
Creating checkpoint.
Best Validation Acc. = 0.5701841712294674 (Epoch = 231)
Finished creating checkpoint.
Average Balanced Accuracy: 0.5758137555175883
