wandb: Appending key for api.wandb.ai to your netrc file: /Midgard/home/nonar/.netrc
wandb: Starting wandb agent 🕵️
2024-02-08 09:26:51,457 - wandb.wandb_agent - INFO - Running runs: []
2024-02-08 09:26:51,824 - wandb.wandb_agent - INFO - Agent received command: run
2024-02-08 09:26:51,825 - wandb.wandb_agent - INFO - Agent starting run with config:
	batch_size: 32
	data: dataset1
	dropout: 0.25
	ebg_transform: tfr_morlet
	eeg: lstm
	epoch: 300
	hidden_size: 64
	lr: 0.0001
	num_layers: 1
	optim_name: adamw
	seed: 42
	subject_id: 0
	tmax: 0.3
	tmin: -0.1
2024-02-08 09:26:51,837 - wandb.wandb_agent - INFO - About to run command: /usr/bin/env python /Midgard/home/nonar/EBG_analysis/train.py --batch_size=32 --data=dataset1 --dropout=0.25 --ebg_transform=tfr_morlet --eeg=lstm --epoch=300 --hidden_size=64 --lr=0.0001 --num_layers=1 --optim_name=adamw --seed=42 --subject_id=0 --tmax=0.3 --tmin=-0.1
2024-02-08 09:26:56,851 - wandb.wandb_agent - INFO - Running runs: ['pvr19yax']
wandb: Currently logged in as: nonar (nona-phd). Use `wandb login --relogin` to force relogin
wandb: wandb version 0.16.3 is available!  To upgrade, please run:
wandb:  $ pip install wandb --upgrade
wandb: Tracking run with wandb version 0.15.12
wandb: Run data is saved locally in /Midgard/home/nonar/EBG_analysis/wandb/run-20240208_092658-pvr19yax
wandb: Run `wandb offline` to turn off syncing.
wandb: Syncing run blooming-sweep-1
wandb: ⭐️ View project at https://wandb.ai/nona-phd/EBG_Olfaction
wandb: 🧹 View sweep at https://wandb.ai/nona-phd/EBG_Olfaction/sweeps/h3h71kga
wandb: 🚀 View run at https://wandb.ai/nona-phd/EBG_Olfaction/runs/pvr19yax
slurmstepd: error: *** JOB 507767 ON khazadum CANCELLED AT 2024-02-08T09:27:10 ***
