You have the following GPUs: [1]
JOB:  507772
TASK: 0
HOST: khazadum

sweep_id: tbsindcz
project_name: EBG_Olfaction
job array task: 0
device =  cuda
--------------- Fold 0 ---------------
Training lstm on dataset1 with {'input_size': 4, 'hidden_size': 64, 'num_layers': 1, 'dropout': 0.25, 'n_classes': 2}
Training Started...
---------------------- Epoch: 0 ----------------------
Training AUROC: 0.5162836313247681 | Training Acc.: 0.5179493310770211 | Training Loss: 0.30384856209761657
Validation AUROC: 0.5207321047782898 | Validation Acc: 0.5544217687074829 | Validation Loss: 0.30505850646704347
---------------------- Epoch: 50 ----------------------
Training AUROC: 0.6532677412033081 | Training Acc.: 0.6020950594121326 | Training Loss: 0.2898593355169704
Validation AUROC: 0.5630061626434326 | Validation Acc: 0.5510204081632653 | Validation Loss: 0.30160369709567053
---------------------- Epoch: 100 ----------------------
Training AUROC: 0.740329921245575 | Training Acc.: 0.6723227752639518 | Training Loss: 0.2691283382836312
Validation AUROC: 0.4846128821372986 | Validation Acc: 0.5119047619047619 | Validation Loss: 0.32070792060955444
---------------------- Epoch: 150 ----------------------
Training AUROC: 0.8061676025390625 | Training Acc.: 0.7238255527351654 | Training Loss: 0.24158904804066647
Validation AUROC: 0.4936831593513489 | Validation Acc: 0.4897959183673469 | Validation Loss: 0.35351289033431216
---------------------- Epoch: 200 ----------------------
Training AUROC: 0.8755697011947632 | Training Acc.: 0.7857699052103643 | Training Loss: 0.20542571339713464
Validation AUROC: 0.47165533900260925 | Validation Acc: 0.4693877551020408 | Validation Loss: 0.39637212945654476
---------------------- Epoch: 250 ----------------------
Training AUROC: 0.8718909621238708 | Training Acc.: 0.7912849942979068 | Training Loss: 0.20120220433049182
Validation AUROC: 0.49287331104278564 | Validation Acc: 0.5085034013605442 | Validation Loss: 0.4473706632408514
---------------------- Epoch: 299 ----------------------
Training AUROC: 0.9209902286529541 | Training Acc.: 0.8440140283755779 | Training Loss: 0.16654259225842188
Validation AUROC: 0.4517330825328827 | Validation Acc: 0.45918367346938777 | Validation Loss: 0.495023988875098
Finished training.
Creating checkpoint.
Best Validation Acc. = 0.5748299319727891 (Epoch = 11)
Finished creating checkpoint.
--------------- Fold 1 ---------------
Training lstm on dataset1 with {'input_size': 4, 'hidden_size': 64, 'num_layers': 1, 'dropout': 0.25, 'n_classes': 2}
Training Started...
---------------------- Epoch: 0 ----------------------
Training AUROC: 0.5286486148834229 | Training Acc.: 0.503299337072922 | Training Loss: 0.30489291907560123
Validation AUROC: 0.541034996509552 | Validation Acc: 0.48986486486486486 | Validation Loss: 0.3020575176875779
---------------------- Epoch: 50 ----------------------
Training AUROC: 0.6631433367729187 | Training Acc.: 0.6148852626211117 | Training Loss: 0.29099379841148015
Validation AUROC: 0.5332894325256348 | Validation Acc: 0.5344429795649308 | Validation Loss: 0.3030770263445038
---------------------- Epoch: 100 ----------------------
Training AUROC: 0.7568709850311279 | Training Acc.: 0.6796277409484957 | Training Loss: 0.2667682722317489
Validation AUROC: 0.5440013408660889 | Validation Acc: 0.4931608437705999 | Validation Loss: 0.30302420842059374
---------------------- Epoch: 150 ----------------------
Training AUROC: 0.8121753931045532 | Training Acc.: 0.7322896481387047 | Training Loss: 0.24390081905413202
Validation AUROC: 0.4996703863143921 | Validation Acc: 0.46802900461437047 | Validation Loss: 0.3236546249799113
---------------------- Epoch: 200 ----------------------
Training AUROC: 0.8875002264976501 | Training Acc.: 0.8059663437021928 | Training Loss: 0.2012596870881204
Validation AUROC: 0.5201054811477661 | Validation Acc: 0.48698088332234674 | Validation Loss: 0.3528109119256944
---------------------- Epoch: 250 ----------------------
Training AUROC: 0.9056074023246765 | Training Acc.: 0.8385058643549209 | Training Loss: 0.18505855562601556
Validation AUROC: 0.5166447162628174 | Validation Acc: 0.48698088332234674 | Validation Loss: 0.37127089431664656
---------------------- Epoch: 299 ----------------------
Training AUROC: 0.9281957745552063 | Training Acc.: 0.8606629270780214 | Training Loss: 0.16408353026330116
Validation AUROC: 0.5138430595397949 | Validation Acc: 0.49917600527356626 | Validation Loss: 0.39881110527017305
Finished training.
Creating checkpoint.
Best Validation Acc. = 0.5669083717864205 (Epoch = 64)
Finished creating checkpoint.
--------------- Fold 2 ---------------
Training lstm on dataset1 with {'input_size': 4, 'hidden_size': 64, 'num_layers': 1, 'dropout': 0.25, 'n_classes': 2}
Training Started...
---------------------- Epoch: 0 ----------------------
Training AUROC: 0.4815685749053955 | Training Acc.: 0.4679755226925038 | Training Loss: 0.30484852761666176
Validation AUROC: 0.4688529968261719 | Validation Acc: 0.4969512195121951 | Validation Loss: 0.30358405648157666
---------------------- Epoch: 50 ----------------------
Training AUROC: 0.6690382361412048 | Training Acc.: 0.6338806731259561 | Training Loss: 0.2904364147108521
Validation AUROC: 0.45550432801246643 | Validation Acc: 0.4410019775873435 | Validation Loss: 0.3074320959582157
---------------------- Epoch: 100 ----------------------
Training AUROC: 0.749191164970398 | Training Acc.: 0.681065782763896 | Training Loss: 0.2681984877527385
Validation AUROC: 0.4644034504890442 | Validation Acc: 0.49110085695451544 | Validation Loss: 0.327530975428261
---------------------- Epoch: 150 ----------------------
Training AUROC: 0.7896971106529236 | Training Acc.: 0.7157368689444161 | Training Loss: 0.25225006450437426
Validation AUROC: 0.45303231477737427 | Validation Acc: 0.47214897824653923 | Validation Loss: 0.338853471327382
---------------------- Epoch: 200 ----------------------
Training AUROC: 0.854627251625061 | Training Acc.: 0.770601733809281 | Training Loss: 0.21781548086121216
Validation AUROC: 0.4536914825439453 | Validation Acc: 0.531641397495056 | Validation Loss: 0.38477929843273057
---------------------- Epoch: 250 ----------------------
Training AUROC: 0.8817256689071655 | Training Acc.: 0.7971035186129526 | Training Loss: 0.1992783256993251
Validation AUROC: 0.46292024850845337 | Validation Acc: 0.5051911667765326 | Validation Loss: 0.41501774597133206
---------------------- Epoch: 299 ----------------------
Training AUROC: 0.9084957242012024 | Training Acc.: 0.8183834778174401 | Training Loss: 0.17999455776299927
Validation AUROC: 0.4655569791793823 | Validation Acc: 0.4808009228740936 | Validation Loss: 0.44608029086684003
Finished training.
Creating checkpoint.
Best Validation Acc. = 0.5383981542518128 (Epoch = 213)
Finished creating checkpoint.
--------------- Fold 3 ---------------
Training lstm on dataset1 with {'input_size': 4, 'hidden_size': 64, 'num_layers': 1, 'dropout': 0.25, 'n_classes': 2}
Training Started...
---------------------- Epoch: 0 ----------------------
Training AUROC: 0.5116419792175293 | Training Acc.: 0.49524732279449263 | Training Loss: 0.30310326583965597
Validation AUROC: 0.46374422311782837 | Validation Acc: 0.5173862887277522 | Validation Loss: 0.3044337310533793
---------------------- Epoch: 50 ----------------------
Training AUROC: 0.6700214147567749 | Training Acc.: 0.6286690464048954 | Training Loss: 0.2871091266059503
Validation AUROC: 0.3663480281829834 | Validation Acc: 0.3922214897824654 | Validation Loss: 0.3223638742059008
---------------------- Epoch: 100 ----------------------
Training AUROC: 0.7518082857131958 | Training Acc.: 0.6860683324834269 | Training Loss: 0.26648861522610096
Validation AUROC: 0.4011206328868866 | Validation Acc: 0.4179301252471984 | Validation Loss: 0.3335536909777674
---------------------- Epoch: 150 ----------------------
Training AUROC: 0.8373380899429321 | Training Acc.: 0.7565884752677206 | Training Loss: 0.2292593649563374
Validation AUROC: 0.439848393201828 | Validation Acc: 0.4672874093605801 | Validation Loss: 0.36129984323155395
---------------------- Epoch: 200 ----------------------
Training AUROC: 0.8924426436424255 | Training Acc.: 0.8114788373278938 | Training Loss: 0.19142732518928257
Validation AUROC: 0.5176334381103516 | Validation Acc: 0.46522742254449573 | Validation Loss: 0.3698870600019746
---------------------- Epoch: 250 ----------------------
Training AUROC: 0.9358633756637573 | Training Acc.: 0.854293727689954 | Training Loss: 0.15630360813435554
Validation AUROC: 0.5316413640975952 | Validation Acc: 0.5010711931443639 | Validation Loss: 0.3941953872077444
---------------------- Epoch: 299 ----------------------
Training AUROC: 0.9512453079223633 | Training Acc.: 0.8738806731259561 | Training Loss: 0.13882686123482865
Validation AUROC: 0.5616348385810852 | Validation Acc: 0.5057679630850362 | Validation Loss: 0.40835958069019096
Finished training.
Creating checkpoint.
Best Validation Acc. = 0.5234014502307185 (Epoch = 253)
Finished creating checkpoint.
--------------- Fold 4 ---------------
Training lstm on dataset1 with {'input_size': 4, 'hidden_size': 64, 'num_layers': 1, 'dropout': 0.25, 'n_classes': 2}
Training Started...
---------------------- Epoch: 0 ----------------------
Training AUROC: 0.5008642077445984 | Training Acc.: 0.5195609636786107 | Training Loss: 0.30278909855066505
Validation AUROC: 0.5473701357841492 | Validation Acc: 0.4965156794425087 | Validation Loss: 0.30094446391546553
---------------------- Epoch: 50 ----------------------
Training AUROC: 0.6502710580825806 | Training Acc.: 0.601911866617749 | Training Loss: 0.29227561288607806
Validation AUROC: 0.5697693824768066 | Validation Acc: 0.5486145677783308 | Validation Loss: 0.2975540012688109
---------------------- Epoch: 100 ----------------------
Training AUROC: 0.7520117163658142 | Training Acc.: 0.7001426766132648 | Training Loss: 0.2667519577078092
Validation AUROC: 0.5468724370002747 | Validation Acc: 0.5026547204247553 | Validation Loss: 0.3031919846739219
---------------------- Epoch: 150 ----------------------
Training AUROC: 0.8266193866729736 | Training Acc.: 0.7596306713953773 | Training Loss: 0.23248555730579995
Validation AUROC: 0.5181682109832764 | Validation Acc: 0.4924506387921022 | Validation Loss: 0.33689094231896877
---------------------- Epoch: 200 ----------------------
Training AUROC: 0.8951123356819153 | Training Acc.: 0.8083710407239819 | Training Loss: 0.19111108375950914
Validation AUROC: 0.508544921875 | Validation Acc: 0.4966815994690559 | Validation Loss: 0.37974878933451167
---------------------- Epoch: 250 ----------------------
Training AUROC: 0.9218886494636536 | Training Acc.: 0.8281052545758428 | Training Loss: 0.16939237184933237
Validation AUROC: 0.4984237551689148 | Validation Acc: 0.5014932802389249 | Validation Loss: 0.40808295656023885
---------------------- Epoch: 299 ----------------------
Training AUROC: 0.937067449092865 | Training Acc.: 0.8527740410093352 | Training Loss: 0.15388768986595616
Validation AUROC: 0.46540567278862 | Validation Acc: 0.47627343620374973 | Validation Loss: 0.4556940635771693
Finished training.
Creating checkpoint.
Best Validation Acc. = 0.5608096897295504 (Epoch = 35)
Finished creating checkpoint.
--------------- Fold 5 ---------------
Training lstm on dataset1 with {'input_size': 4, 'hidden_size': 64, 'num_layers': 1, 'dropout': 0.25, 'n_classes': 2}
Training Started...
---------------------- Epoch: 0 ----------------------
Training AUROC: 0.5069687366485596 | Training Acc.: 0.510513228160287 | Training Loss: 0.30431851217841693
Validation AUROC: 0.5493612289428711 | Validation Acc: 0.5526796084287373 | Validation Loss: 0.3015488382139366
---------------------- Epoch: 50 ----------------------
Training AUROC: 0.6771207451820374 | Training Acc.: 0.635628388569565 | Training Loss: 0.2870866454711086
Validation AUROC: 0.44582706689834595 | Validation Acc: 0.48821967811514855 | Validation Loss: 0.31246131811281064
---------------------- Epoch: 100 ----------------------
Training AUROC: 0.7721841931343079 | Training Acc.: 0.6962761403937874 | Training Loss: 0.2579515329310276
Validation AUROC: 0.4625850319862366 | Validation Acc: 0.4870582379293181 | Validation Loss: 0.32753160676171655
---------------------- Epoch: 150 ----------------------
Training AUROC: 0.8512004613876343 | Training Acc.: 0.7620194855488973 | Training Loss: 0.219726155935422
Validation AUROC: 0.4547867774963379 | Validation Acc: 0.5000829600132736 | Validation Loss: 0.3735117035837416
---------------------- Epoch: 200 ----------------------
Training AUROC: 0.9031531810760498 | Training Acc.: 0.8078370225429049 | Training Loss: 0.18511101048500261
Validation AUROC: 0.45163431763648987 | Validation Acc: 0.47287207565953204 | Validation Loss: 0.4233244832149559
---------------------- Epoch: 250 ----------------------
Training AUROC: 0.9361175298690796 | Training Acc.: 0.8553829847947495 | Training Loss: 0.1553032825304159
Validation AUROC: 0.4644101858139038 | Validation Acc: 0.4932802389248382 | Validation Loss: 0.4646258567299854
---------------------- Epoch: 299 ----------------------
Training AUROC: 0.9239574670791626 | Training Acc.: 0.8515796339325752 | Training Loss: 0.16044561920293263
Validation AUROC: 0.4569437503814697 | Validation Acc: 0.47287207565953204 | Validation Loss: 0.4987260996772814
Finished training.
Creating checkpoint.
Best Validation Acc. = 0.5526796084287373 (Epoch = 0)
Finished creating checkpoint.
--------------- Fold 6 ---------------
Training lstm on dataset1 with {'input_size': 4, 'hidden_size': 64, 'num_layers': 1, 'dropout': 0.25, 'n_classes': 2}
Training Started...
---------------------- Epoch: 0 ----------------------
Training AUROC: 0.46517470479011536 | Training Acc.: 0.4733480086421263 | Training Loss: 0.3058960850721498
Validation AUROC: 0.5417289137840271 | Validation Acc: 0.5389912062385931 | Validation Loss: 0.3017165860378267
---------------------- Epoch: 50 ----------------------
Training AUROC: 0.6701357364654541 | Training Acc.: 0.6239085239085239 | Training Loss: 0.2912099545730588
Validation AUROC: 0.580056369304657 | Validation Acc: 0.5140202422432387 | Validation Loss: 0.29869454261564987
---------------------- Epoch: 100 ----------------------
Training AUROC: 0.7743691802024841 | Training Acc.: 0.7138151726387021 | Training Loss: 0.2613942108073239
Validation AUROC: 0.5649576783180237 | Validation Acc: 0.5494441679110669 | Validation Loss: 0.30317209894003344
---------------------- Epoch: 150 ----------------------
Training AUROC: 0.8551955223083496 | Training Acc.: 0.7798703681056622 | Training Loss: 0.21992019326441922
Validation AUROC: 0.6097561120986938 | Validation Acc: 0.6078480172556828 | Validation Loss: 0.3209160417916486
---------------------- Epoch: 200 ----------------------
Training AUROC: 0.8978435397148132 | Training Acc.: 0.818397130161836 | Training Loss: 0.18739202240309888
Validation AUROC: 0.5890160799026489 | Validation Acc: 0.5814667330346773 | Validation Loss: 0.3699432752499352
---------------------- Epoch: 250 ----------------------
Training AUROC: 0.8785638809204102 | Training Acc.: 0.8000794912559619 | Training Loss: 0.19500487452395343
Validation AUROC: 0.6046125292778015 | Validation Acc: 0.6064376970300316 | Validation Loss: 0.387553306061405
---------------------- Epoch: 299 ----------------------
Training AUROC: 0.9529228210449219 | Training Acc.: 0.8903917492152786 | Training Loss: 0.13648420489028448
Validation AUROC: 0.5634644031524658 | Validation Acc: 0.5740832918533267 | Validation Loss: 0.46615410983357725
Finished training.
Creating checkpoint.
Best Validation Acc. = 0.6396217023394724 (Epoch = 208)
Finished creating checkpoint.
--------------- Fold 7 ---------------
Training lstm on dataset1 with {'input_size': 4, 'hidden_size': 64, 'num_layers': 1, 'dropout': 0.25, 'n_classes': 2}
Training Started...
---------------------- Epoch: 0 ----------------------
Training AUROC: 0.5094349980354309 | Training Acc.: 0.5063552240022828 | Training Loss: 0.3028618933207383
Validation AUROC: 0.43819478154182434 | Validation Acc: 0.46615231458437034 | Validation Loss: 0.3051021940949981
---------------------- Epoch: 50 ----------------------
Training AUROC: 0.6548632979393005 | Training Acc.: 0.611713749949044 | Training Loss: 0.2902280344214775
Validation AUROC: 0.5175045728683472 | Validation Acc: 0.49784303965488635 | Validation Loss: 0.30187310100823356
---------------------- Epoch: 100 ----------------------
Training AUROC: 0.7283987402915955 | Training Acc.: 0.6616464881170764 | Training Loss: 0.27218356260103965
Validation AUROC: 0.5531773567199707 | Validation Acc: 0.598224655715945 | Validation Loss: 0.30305208406882483
---------------------- Epoch: 150 ----------------------
Training AUROC: 0.8156067132949829 | Training Acc.: 0.7417166034813094 | Training Loss: 0.2394053627444424
Validation AUROC: 0.561971127986908 | Validation Acc: 0.5352580056412809 | Validation Loss: 0.3091001783844952
---------------------- Epoch: 200 ----------------------
Training AUROC: 0.8735110759735107 | Training Acc.: 0.7799294769883005 | Training Loss: 0.20426487470062224
Validation AUROC: 0.592334508895874 | Validation Acc: 0.6010452961672474 | Validation Loss: 0.3281149308657982
---------------------- Epoch: 250 ----------------------
Training AUROC: 0.9093371629714966 | Training Acc.: 0.8170111287758346 | Training Loss: 0.17784445458409567
Validation AUROC: 0.5943255424499512 | Validation Acc: 0.599054255848681 | Validation Loss: 0.34927867919076044
---------------------- Epoch: 299 ----------------------
Training AUROC: 0.9284538626670837 | Training Acc.: 0.8359606212547389 | Training Loss: 0.1611368840166036
Validation AUROC: 0.6139041185379028 | Validation Acc: 0.6024556163928987 | Validation Loss: 0.36277144983416143
Finished training.
Creating checkpoint.
Best Validation Acc. = 0.6498257839721254 (Epoch = 288)
Finished creating checkpoint.
--------------- Fold 8 ---------------
Training lstm on dataset1 with {'input_size': 4, 'hidden_size': 64, 'num_layers': 1, 'dropout': 0.25, 'n_classes': 2}
Training Started...
---------------------- Epoch: 0 ----------------------
Training AUROC: 0.49435409903526306 | Training Acc.: 0.5042150748033101 | Training Loss: 0.30590747534373003
Validation AUROC: 0.5413970351219177 | Validation Acc: 0.4883855981416957 | Validation Loss: 0.30505374000180124
---------------------- Epoch: 50 ----------------------
Training AUROC: 0.6681015491485596 | Training Acc.: 0.6153927683339449 | Training Loss: 0.2902175302423898
Validation AUROC: 0.511365532875061 | Validation Acc: 0.5140202422432387 | Validation Loss: 0.30730763319008975
---------------------- Epoch: 100 ----------------------
Training AUROC: 0.7551261186599731 | Training Acc.: 0.6797195385430679 | Training Loss: 0.2650289554299492
Validation AUROC: 0.47818154096603394 | Validation Acc: 0.48564791770366683 | Validation Loss: 0.3229078563489762
---------------------- Epoch: 150 ----------------------
Training AUROC: 0.8386082649230957 | Training Acc.: 0.7441074558721618 | Training Loss: 0.2287362979827707
Validation AUROC: 0.45180022716522217 | Validation Acc: 0.5060560809689729 | Validation Loss: 0.36237199235028766
---------------------- Epoch: 200 ----------------------
Training AUROC: 0.8813154697418213 | Training Acc.: 0.7911193999429293 | Training Loss: 0.20075021984849187
Validation AUROC: 0.44964325428009033 | Validation Acc: 0.5114484818317571 | Validation Loss: 0.41381522102511165
---------------------- Epoch: 250 ----------------------
Training AUROC: 0.8277832269668579 | Training Acc.: 0.7404325139619257 | Training Loss: 0.22496791470792185
Validation AUROC: 0.4790111184120178 | Validation Acc: 0.4984237597478015 | Validation Loss: 0.399640462144065
---------------------- Epoch: 299 ----------------------
Training AUROC: 0.9133484363555908 | Training Acc.: 0.8345175492234316 | Training Loss: 0.1769020109349202
Validation AUROC: 0.4325534701347351 | Validation Acc: 0.47345279575244736 | Validation Loss: 0.4553802152202042
Finished training.
Creating checkpoint.
Best Validation Acc. = 0.5460428073668492 (Epoch = 42)
Finished creating checkpoint.
--------------- Fold 9 ---------------
Training lstm on dataset1 with {'input_size': 4, 'hidden_size': 64, 'num_layers': 1, 'dropout': 0.25, 'n_classes': 2}
Training Started...
---------------------- Epoch: 0 ----------------------
Training AUROC: 0.510118842124939 | Training Acc.: 0.5046594105417634 | Training Loss: 0.30256324930099066
Validation AUROC: 0.5481997728347778 | Validation Acc: 0.5299485647917703 | Validation Loss: 0.30101920532521653
---------------------- Epoch: 50 ----------------------
Training AUROC: 0.6695977449417114 | Training Acc.: 0.6319514084219966 | Training Loss: 0.2906303143735128
Validation AUROC: 0.5845363140106201 | Validation Acc: 0.5636303301808528 | Validation Loss: 0.297035107794728
---------------------- Epoch: 100 ----------------------
Training AUROC: 0.7530471086502075 | Training Acc.: 0.6956177897354368 | Training Loss: 0.2680536467720299
Validation AUROC: 0.5586527585983276 | Validation Acc: 0.5006636801061888 | Validation Loss: 0.2991833029744744
---------------------- Epoch: 150 ----------------------
Training AUROC: 0.8295238614082336 | Training Acc.: 0.7572418572418572 | Training Loss: 0.23443478561457387
Validation AUROC: 0.5443835854530334 | Validation Acc: 0.5278745644599303 | Validation Loss: 0.31427117559140644
---------------------- Epoch: 200 ----------------------
Training AUROC: 0.8628531098365784 | Training Acc.: 0.7732053320288614 | Training Loss: 0.2138000447359904
Validation AUROC: 0.5352579951286316 | Validation Acc: 0.5278745644599303 | Validation Loss: 0.33175166608521234
---------------------- Epoch: 250 ----------------------
Training AUROC: 0.8801353573799133 | Training Acc.: 0.7848946231299172 | Training Loss: 0.1999380519428137
Validation AUROC: 0.5175045728683472 | Validation Acc: 0.5122780819644931 | Validation Loss: 0.3534586902793597
---------------------- Epoch: 299 ----------------------
Training AUROC: 0.8938568234443665 | Training Acc.: 0.8026497085320614 | Training Loss: 0.1897312354732739
Validation AUROC: 0.5171726942062378 | Validation Acc: 0.47768375642940103 | Validation Loss: 0.35764429212927845
Finished training.
Creating checkpoint.
Best Validation Acc. = 0.6022067363530779 (Epoch = 24)
Finished creating checkpoint.
--------------- Fold 10 ---------------
Training lstm on dataset1 with {'input_size': 4, 'hidden_size': 64, 'num_layers': 1, 'dropout': 0.25, 'n_classes': 2}
Training Started...
---------------------- Epoch: 0 ----------------------
Training AUROC: 0.51395583152771 | Training Acc.: 0.5037646077818244 | Training Loss: 0.30313717127587697
Validation AUROC: 0.5770975351333618 | Validation Acc: 0.5238095238095238 | Validation Loss: 0.30208700682710665
---------------------- Epoch: 50 ----------------------
Training AUROC: 0.6633905172348022 | Training Acc.: 0.6221259610786154 | Training Loss: 0.290903028462727
Validation AUROC: 0.5782312750816345 | Validation Acc: 0.5731292517006803 | Validation Loss: 0.3009151480270904
---------------------- Epoch: 100 ----------------------
Training AUROC: 0.7615829706192017 | Training Acc.: 0.7000606997020197 | Training Loss: 0.26793929458376947
Validation AUROC: 0.5814707279205322 | Validation Acc: 0.5374149659863946 | Validation Loss: 0.30387401481206405
---------------------- Epoch: 150 ----------------------
Training AUROC: 0.8721975088119507 | Training Acc.: 0.7850648076616513 | Training Loss: 0.21713911560469087
Validation AUROC: 0.5383867621421814 | Validation Acc: 0.5493197278911565 | Validation Loss: 0.34826186586631663
---------------------- Epoch: 200 ----------------------
Training AUROC: 0.9203606843948364 | Training Acc.: 0.8192589731327178 | Training Loss: 0.17753008390724212
Validation AUROC: 0.5226757526397705 | Validation Acc: 0.5595238095238095 | Validation Loss: 0.416059170985181
---------------------- Epoch: 250 ----------------------
Training AUROC: 0.9439170956611633 | Training Acc.: 0.8562459380249912 | Training Loss: 0.15043263001885668
Validation AUROC: 0.5374149084091187 | Validation Acc: 0.5578231292517006 | Validation Loss: 0.4615603682198257
---------------------- Epoch: 299 ----------------------
Training AUROC: 0.9471626877784729 | Training Acc.: 0.8638456633435113 | Training Loss: 0.1439084864059593
Validation AUROC: 0.5205700993537903 | Validation Acc: 0.5391156462585034 | Validation Loss: 0.4986713272317839
Finished training.
Creating checkpoint.
Best Validation Acc. = 0.5935374149659864 (Epoch = 38)
Finished creating checkpoint.
--------------- Fold 11 ---------------
Training lstm on dataset1 with {'input_size': 4, 'hidden_size': 64, 'num_layers': 1, 'dropout': 0.25, 'n_classes': 2}
Training Started...
---------------------- Epoch: 0 ----------------------
Training AUROC: 0.5135481953620911 | Training Acc.: 0.5240999490056094 | Training Loss: 0.30253471844296975
Validation AUROC: 0.5337837934494019 | Validation Acc: 0.5162326961107448 | Validation Loss: 0.30252643101467863
---------------------- Epoch: 50 ----------------------
Training AUROC: 0.6668373346328735 | Training Acc.: 0.6210708822029577 | Training Loss: 0.28995114972579716
Validation AUROC: 0.49785763025283813 | Validation Acc: 0.4924192485168095 | Validation Loss: 0.304157133198183
---------------------- Epoch: 100 ----------------------
Training AUROC: 0.7515574097633362 | Training Acc.: 0.6827791942886283 | Training Loss: 0.26591583548416614
Validation AUROC: 0.4841793179512024 | Validation Acc: 0.5173862887277522 | Validation Loss: 0.31990555505542945
---------------------- Epoch: 150 ----------------------
Training AUROC: 0.847710371017456 | Training Acc.: 0.7570015298317185 | Training Loss: 0.22374807536566588
Validation AUROC: 0.48516809940338135 | Validation Acc: 0.534278180619644 | Validation Loss: 0.35420821890063076
---------------------- Epoch: 200 ----------------------
Training AUROC: 0.8783150911331177 | Training Acc.: 0.7780877103518613 | Training Loss: 0.19963345328360416
Validation AUROC: 0.4790705144405365 | Validation Acc: 0.49917600527356626 | Validation Loss: 0.383722516036376
---------------------- Epoch: 250 ----------------------
Training AUROC: 0.9078450202941895 | Training Acc.: 0.8110045894951555 | Training Loss: 0.17699828743296922
Validation AUROC: 0.4858272969722748 | Validation Acc: 0.49563282794990116 | Validation Loss: 0.4168023886036529
---------------------- Epoch: 299 ----------------------
Training AUROC: 0.8826068043708801 | Training Acc.: 0.798419173890872 | Training Loss: 0.19363143123675866
Validation AUROC: 0.5189518928527832 | Validation Acc: 0.5511700725115359 | Validation Loss: 0.42853798770235496
Finished training.
Creating checkpoint.
Best Validation Acc. = 0.5688035596572182 (Epoch = 149)
Finished creating checkpoint.
--------------- Fold 12 ---------------
Training lstm on dataset1 with {'input_size': 4, 'hidden_size': 64, 'num_layers': 1, 'dropout': 0.25, 'n_classes': 2}
Training Started...
---------------------- Epoch: 0 ----------------------
Training AUROC: 0.4707700312137604 | Training Acc.: 0.49913309535951045 | Training Loss: 0.3034804369666725
Validation AUROC: 0.5507580637931824 | Validation Acc: 0.5313117996044825 | Validation Loss: 0.30045035999133224
---------------------- Epoch: 50 ----------------------
Training AUROC: 0.6761223673820496 | Training Acc.: 0.6355583885772564 | Training Loss: 0.29124779603853257
Validation AUROC: 0.4975280165672302 | Validation Acc: 0.5025543836519446 | Validation Loss: 0.30373279702579814
---------------------- Epoch: 100 ----------------------
Training AUROC: 0.7723671793937683 | Training Acc.: 0.6900611932687404 | Training Loss: 0.2627795607228781
Validation AUROC: 0.424027681350708 | Validation Acc: 0.44495715227422544 | Validation Loss: 0.3305439607668206
---------------------- Epoch: 150 ----------------------
Training AUROC: 0.8514818549156189 | Training Acc.: 0.7654767975522692 | Training Loss: 0.22369156812516194
Validation AUROC: 0.41232696175575256 | Validation Acc: 0.4672874093605801 | Validation Loss: 0.3733108545563028
---------------------- Epoch: 200 ----------------------
Training AUROC: 0.9004976749420166 | Training Acc.: 0.8283783783783785 | Training Loss: 0.1886223530898249
Validation AUROC: 0.4057350158691406 | Validation Acc: 0.484179301252472 | Validation Loss: 0.43338825258621655
---------------------- Epoch: 250 ----------------------
Training AUROC: 0.9292585849761963 | Training Acc.: 0.8643396226415094 | Training Loss: 0.16364550314233509
Validation AUROC: 0.3731048107147217 | Validation Acc: 0.4475939353988134 | Validation Loss: 0.5046311541197602
---------------------- Epoch: 299 ----------------------
Training AUROC: 0.9280121922492981 | Training Acc.: 0.8639724630290668 | Training Loss: 0.15771194282043577
Validation AUROC: 0.39617666602134705 | Validation Acc: 0.4875576796308504 | Validation Loss: 0.5383186034166128
Finished training.
Creating checkpoint.
Best Validation Acc. = 0.5665787738958471 (Epoch = 6)
Finished creating checkpoint.
--------------- Fold 13 ---------------
Training lstm on dataset1 with {'input_size': 4, 'hidden_size': 64, 'num_layers': 1, 'dropout': 0.25, 'n_classes': 2}
Training Started...
---------------------- Epoch: 0 ----------------------
Training AUROC: 0.5087424516677856 | Training Acc.: 0.5091687914329424 | Training Loss: 0.30272331231505084
Validation AUROC: 0.5100527405738831 | Validation Acc: 0.5626235992089651 | Validation Loss: 0.302948089265712
---------------------- Epoch: 50 ----------------------
Training AUROC: 0.6754207015037537 | Training Acc.: 0.6242172361040286 | Training Loss: 0.29140299381033263
Validation AUROC: 0.5247198939323425 | Validation Acc: 0.5561964403427817 | Validation Loss: 0.30453051996229247
---------------------- Epoch: 100 ----------------------
Training AUROC: 0.757236123085022 | Training Acc.: 0.6859714431412545 | Training Loss: 0.26771644166296715
Validation AUROC: 0.49785760045051575 | Validation Acc: 0.5215062623599209 | Validation Loss: 0.3174098686973174
---------------------- Epoch: 150 ----------------------
Training AUROC: 0.8404631614685059 | Training Acc.: 0.752182559918409 | Training Loss: 0.2262978321843583
Validation AUROC: 0.4869808554649353 | Validation Acc: 0.47948253131179963 | Validation Loss: 0.3456155942783882
---------------------- Epoch: 200 ----------------------
Training AUROC: 0.8743926286697388 | Training Acc.: 0.7798776134625192 | Training Loss: 0.20211437204576474
Validation AUROC: 0.4807185232639313 | Validation Acc: 0.4740441661173368 | Validation Loss: 0.3784071207770198
---------------------- Epoch: 250 ----------------------
Training AUROC: 0.8986354470252991 | Training Acc.: 0.81140744518103 | Training Loss: 0.18380725073592327
Validation AUROC: 0.5026367902755737 | Validation Acc: 0.4924192485168095 | Validation Loss: 0.39232912690332705
---------------------- Epoch: 299 ----------------------
Training AUROC: 0.9214482307434082 | Training Acc.: 0.8321876593574706 | Training Loss: 0.16451500202697433
Validation AUROC: 0.4897824823856354 | Validation Acc: 0.47536255767963087 | Validation Loss: 0.434153342680126
Finished training.
Creating checkpoint.
Best Validation Acc. = 0.5626235992089651 (Epoch = 0)
Finished creating checkpoint.
--------------- Fold 14 ---------------
Training lstm on dataset1 with {'input_size': 4, 'hidden_size': 64, 'num_layers': 1, 'dropout': 0.25, 'n_classes': 2}
Training Started...
---------------------- Epoch: 0 ----------------------
Training AUROC: 0.4898343086242676 | Training Acc.: 0.4903346785699727 | Training Loss: 0.3030186253372634
Validation AUROC: 0.5281234383583069 | Validation Acc: 0.532105525136884 | Validation Loss: 0.3018004029301246
---------------------- Epoch: 50 ----------------------
Training AUROC: 0.6737953424453735 | Training Acc.: 0.6293118910765969 | Training Loss: 0.28986746122718826
Validation AUROC: 0.5530114769935608 | Validation Acc: 0.5616392898622864 | Validation Loss: 0.3026271297914375
---------------------- Epoch: 100 ----------------------
Training AUROC: 0.7656515836715698 | Training Acc.: 0.6947393094451918 | Training Loss: 0.26335537367440753
Validation AUROC: 0.4909573197364807 | Validation Acc: 0.4748631159780986 | Validation Loss: 0.3259292147654334
---------------------- Epoch: 150 ----------------------
Training AUROC: 0.8178895711898804 | Training Acc.: 0.7384839590721943 | Training Loss: 0.23426702358986168
Validation AUROC: 0.44184502959251404 | Validation Acc: 0.4178695868591339 | Validation Loss: 0.37740625474075656
---------------------- Epoch: 200 ----------------------
Training AUROC: 0.8969385623931885 | Training Acc.: 0.8073335779218132 | Training Loss: 0.19081671891981342
Validation AUROC: 0.47154468297958374 | Validation Acc: 0.4479011116641779 | Validation Loss: 0.4248802256711903
---------------------- Epoch: 250 ----------------------
Training AUROC: 0.9085177779197693 | Training Acc.: 0.8193714076067018 | Training Loss: 0.17650836487347993
Validation AUROC: 0.47419941425323486 | Validation Acc: 0.44591007134561145 | Validation Loss: 0.47152318192894843
---------------------- Epoch: 299 ----------------------
Training AUROC: 0.9449064135551453 | Training Acc.: 0.868959683665566 | Training Loss: 0.14755104224219398
Validation AUROC: 0.4571096897125244 | Validation Acc: 0.45528455284552843 | Validation Loss: 0.5345903573664276
Finished training.
Creating checkpoint.
Best Validation Acc. = 0.5880205740832919 (Epoch = 22)
Finished creating checkpoint.
--------------- Fold 15 ---------------
Training lstm on dataset1 with {'input_size': 4, 'hidden_size': 64, 'num_layers': 1, 'dropout': 0.25, 'n_classes': 2}
Training Started...
---------------------- Epoch: 0 ----------------------
Training AUROC: 0.5176613330841064 | Training Acc.: 0.5156251273898332 | Training Loss: 0.3029241866830622
Validation AUROC: 0.6134063005447388 | Validation Acc: 0.49776007964161273 | Validation Loss: 0.2999708832704925
---------------------- Epoch: 50 ----------------------
Training AUROC: 0.6755431890487671 | Training Acc.: 0.6329256858668624 | Training Loss: 0.2894055741512795
Validation AUROC: 0.43554002046585083 | Validation Acc: 0.4570267131242741 | Validation Loss: 0.31093794033109046
---------------------- Epoch: 100 ----------------------
Training AUROC: 0.7762932777404785 | Training Acc.: 0.6983510659981249 | Training Loss: 0.26099205817936905
Validation AUROC: 0.44831591844558716 | Validation Acc: 0.47685415629666505 | Validation Loss: 0.32812509008056656
---------------------- Epoch: 150 ----------------------
Training AUROC: 0.7661795616149902 | Training Acc.: 0.7154213036565977 | Training Loss: 0.2559380746169705
Validation AUROC: 0.4843205511569977 | Validation Acc: 0.48821967811514855 | Validation Loss: 0.3601246762970749
---------------------- Epoch: 200 ----------------------
Training AUROC: 0.882124662399292 | Training Acc.: 0.7904895846072317 | Training Loss: 0.20147567484680393
Validation AUROC: 0.43802887201309204 | Validation Acc: 0.4924506387921022 | Validation Loss: 0.41260107199529367
---------------------- Epoch: 250 ----------------------
Training AUROC: 0.8734967708587646 | Training Acc.: 0.7801842566548449 | Training Loss: 0.2041286638743919
Validation AUROC: 0.4396880865097046 | Validation Acc: 0.47204247552679607 | Validation Loss: 0.413879908241767
---------------------- Epoch: 299 ----------------------
Training AUROC: 0.895267128944397 | Training Acc.: 0.7977192124250947 | Training Loss: 0.18818644833316445
Validation AUROC: 0.4468226134777069 | Validation Acc: 0.48224655715944914 | Validation Loss: 0.45596618955452667
Finished training.
Creating checkpoint.
Best Validation Acc. = 0.5296167247386759 (Epoch = 153)
Finished creating checkpoint.
--------------- Fold 16 ---------------
Training lstm on dataset1 with {'input_size': 4, 'hidden_size': 64, 'num_layers': 1, 'dropout': 0.25, 'n_classes': 2}
Training Started...
---------------------- Epoch: 0 ----------------------
Training AUROC: 0.48680955171585083 | Training Acc.: 0.5096592067180302 | Training Loss: 0.3044659209588658
Validation AUROC: 0.468558132648468 | Validation Acc: 0.4349593495934959 | Validation Loss: 0.3035792901060527
---------------------- Epoch: 50 ----------------------
Training AUROC: 0.6627410650253296 | Training Acc.: 0.6236843178019649 | Training Loss: 0.29038332221964425
Validation AUROC: 0.526630163192749 | Validation Acc: 0.5656213704994193 | Validation Loss: 0.30391377199531716
---------------------- Epoch: 100 ----------------------
Training AUROC: 0.7469609379768372 | Training Acc.: 0.6738697973992092 | Training Loss: 0.268015933030754
Validation AUROC: 0.5357557535171509 | Validation Acc: 0.5242243238758918 | Validation Loss: 0.31377189971080915
---------------------- Epoch: 150 ----------------------
Training AUROC: 0.8314988613128662 | Training Acc.: 0.7298377563083445 | Training Loss: 0.23267978770550676
Validation AUROC: 0.5369172096252441 | Validation Acc: 0.5270449643271943 | Validation Loss: 0.3340311144741088
---------------------- Epoch: 200 ----------------------
Training AUROC: 0.8863723278045654 | Training Acc.: 0.7830724389547918 | Training Loss: 0.19685668691779848
Validation AUROC: 0.5063879489898682 | Validation Acc: 0.5148498423759749 | Validation Loss: 0.38457071088336797
---------------------- Epoch: 250 ----------------------
Training AUROC: 0.8782846331596375 | Training Acc.: 0.7855264767029473 | Training Loss: 0.19553415302393282
Validation AUROC: 0.4974282383918762 | Validation Acc: 0.5006636801061888 | Validation Loss: 0.41762395548330383
---------------------- Epoch: 299 ----------------------
Training AUROC: 0.9225327372550964 | Training Acc.: 0.8298968651909828 | Training Loss: 0.1645746611469042
Validation AUROC: 0.4791770577430725 | Validation Acc: 0.47627343620374973 | Validation Loss: 0.47820183456587045
Finished training.
Creating checkpoint.
Best Validation Acc. = 0.6217852994856479 (Epoch = 75)
Finished creating checkpoint.
--------------- Fold 17 ---------------
Training lstm on dataset1 with {'input_size': 4, 'hidden_size': 64, 'num_layers': 1, 'dropout': 0.25, 'n_classes': 2}
Training Started...
---------------------- Epoch: 0 ----------------------
Training AUROC: 0.5048571228981018 | Training Acc.: 0.48370429252782193 | Training Loss: 0.3036362023196143
Validation AUROC: 0.4612576961517334 | Validation Acc: 0.4907084785133565 | Validation Loss: 0.3085639920395196
---------------------- Epoch: 50 ----------------------
Training AUROC: 0.6551424264907837 | Training Acc.: 0.6058375117198647 | Training Loss: 0.28917831427324836
Validation AUROC: 0.461257666349411 | Validation Acc: 0.48481831757093086 | Validation Loss: 0.3120050745245656
---------------------- Epoch: 100 ----------------------
Training AUROC: 0.7382068037986755 | Training Acc.: 0.6696302637479108 | Training Loss: 0.26812762587704475
Validation AUROC: 0.4546208679676056 | Validation Acc: 0.4584370333499253 | Validation Loss: 0.3258636762990333
---------------------- Epoch: 150 ----------------------
Training AUROC: 0.831352174282074 | Training Acc.: 0.7507684154742978 | Training Loss: 0.22989711043389344
Validation AUROC: 0.4693877398967743 | Validation Acc: 0.5066368010618881 | Validation Loss: 0.3571233425530529
---------------------- Epoch: 200 ----------------------
Training AUROC: 0.844146192073822 | Training Acc.: 0.7591883738942562 | Training Loss: 0.2210551720726127
Validation AUROC: 0.4690559506416321 | Validation Acc: 0.4626679940268791 | Validation Loss: 0.3893902185487496
---------------------- Epoch: 250 ----------------------
Training AUROC: 0.9038604497909546 | Training Acc.: 0.8192124250947781 | Training Loss: 0.1817536988266654
Validation AUROC: 0.4723743200302124 | Validation Acc: 0.46407831425253027 | Validation Loss: 0.41741566769246724
---------------------- Epoch: 299 ----------------------
Training AUROC: 0.9124189615249634 | Training Acc.: 0.8241775712363948 | Training Loss: 0.17279600639203746
Validation AUROC: 0.4652397334575653 | Validation Acc: 0.4810851169736187 | Validation Loss: 0.43958035455349115
Finished training.
Creating checkpoint.
Best Validation Acc. = 0.5284552845528455 (Epoch = 206)
Finished creating checkpoint.
--------------- Fold 18 ---------------
Training lstm on dataset1 with {'input_size': 4, 'hidden_size': 64, 'num_layers': 1, 'dropout': 0.25, 'n_classes': 2}
Training Started...
---------------------- Epoch: 0 ----------------------
Training AUROC: 0.5022217035293579 | Training Acc.: 0.5139211609799845 | Training Loss: 0.3026380600705678
Validation AUROC: 0.5634644031524658 | Validation Acc: 0.5696034511365522 | Validation Loss: 0.30209245024898573
---------------------- Epoch: 50 ----------------------
Training AUROC: 0.6716644167900085 | Training Acc.: 0.6202621173209408 | Training Loss: 0.2896115244215775
Validation AUROC: 0.5087108016014099 | Validation Acc: 0.5046457607433217 | Validation Loss: 0.3032581320259005
---------------------- Epoch: 100 ----------------------
Training AUROC: 0.7612693309783936 | Training Acc.: 0.6913782560841384 | Training Loss: 0.2660640191007607
Validation AUROC: 0.5277916193008423 | Validation Acc: 0.5174216027874564 | Validation Loss: 0.30727325657095533
---------------------- Epoch: 150 ----------------------
Training AUROC: 0.8470587134361267 | Training Acc.: 0.7558293587705353 | Training Loss: 0.22758684926782258
Validation AUROC: 0.5477020144462585 | Validation Acc: 0.51543056246889 | Validation Loss: 0.32384833459781687
---------------------- Epoch: 200 ----------------------
Training AUROC: 0.9081509113311768 | Training Acc.: 0.8224817577758754 | Training Loss: 0.18549091102631726
Validation AUROC: 0.5608096718788147 | Validation Acc: 0.5196615231458437 | Validation Loss: 0.34503661499182936
---------------------- Epoch: 250 ----------------------
Training AUROC: 0.9405731558799744 | Training Acc.: 0.8559170029758265 | Training Loss: 0.1524107029882621
Validation AUROC: 0.5208230018615723 | Validation Acc: 0.5000829600132736 | Validation Loss: 0.4171089415733426
---------------------- Epoch: 299 ----------------------
Training AUROC: 0.9654538631439209 | Training Acc.: 0.891019526313644 | Training Loss: 0.12117308443613155
Validation AUROC: 0.5108677744865417 | Validation Acc: 0.4844864775178364 | Validation Loss: 0.47014827621738364
Finished training.
Creating checkpoint.
Best Validation Acc. = 0.5696034511365522 (Epoch = 0)
Finished creating checkpoint.
--------------- Fold 19 ---------------
Training lstm on dataset1 with {'input_size': 4, 'hidden_size': 64, 'num_layers': 1, 'dropout': 0.25, 'n_classes': 2}
Training Started...
---------------------- Epoch: 0 ----------------------
Training AUROC: 0.5018853545188904 | Training Acc.: 0.5157800334270922 | Training Loss: 0.30332558501082607
Validation AUROC: 0.4514683783054352 | Validation Acc: 0.4113987058237929 | Validation Loss: 0.30504343541604734
---------------------- Epoch: 50 ----------------------
Training AUROC: 0.6872182488441467 | Training Acc.: 0.6273307243895478 | Training Loss: 0.28573236391895956
Validation AUROC: 0.47054919600486755 | Validation Acc: 0.4584370333499253 | Validation Loss: 0.3089991404707117
---------------------- Epoch: 100 ----------------------
Training AUROC: 0.7783172130584717 | Training Acc.: 0.7044820838938486 | Training Loss: 0.2585811447381535
Validation AUROC: 0.472042441368103 | Validation Acc: 0.4686411149825784 | Validation Loss: 0.32679397799394
---------------------- Epoch: 150 ----------------------
Training AUROC: 0.8297500610351562 | Training Acc.: 0.7547939342056988 | Training Loss: 0.23278965503620894
Validation AUROC: 0.4982578754425049 | Validation Acc: 0.5032354405176704 | Validation Loss: 0.3428248228337765
---------------------- Epoch: 200 ----------------------
Training AUROC: 0.8278056383132935 | Training Acc.: 0.7558293587705353 | Training Loss: 0.2257147163552846
Validation AUROC: 0.47867926955223083 | Validation Acc: 0.47884519661523145 | Validation Loss: 0.37315982651141616
---------------------- Epoch: 250 ----------------------
Training AUROC: 0.9018466472625732 | Training Acc.: 0.8308731808731808 | Training Loss: 0.18408590066503422
Validation AUROC: 0.4911232888698578 | Validation Acc: 0.5290360046457607 | Validation Loss: 0.4046720017558593
---------------------- Epoch: 299 ----------------------
Training AUROC: 0.9238452911376953 | Training Acc.: 0.8460519342872284 | Training Loss: 0.16418819973365273
Validation AUROC: 0.5093744993209839 | Validation Acc: 0.5372490459598473 | Validation Loss: 0.42698520672201506
Finished training.
Creating checkpoint.
Best Validation Acc. = 0.5602289696366352 (Epoch = 298)
Finished creating checkpoint.
--------------- Fold 20 ---------------
Training lstm on dataset1 with {'input_size': 4, 'hidden_size': 64, 'num_layers': 1, 'dropout': 0.25, 'n_classes': 2}
Training Started...
---------------------- Epoch: 0 ----------------------
Training AUROC: 0.5031678676605225 | Training Acc.: 0.5018056628530086 | Training Loss: 0.30354059331246586
Validation AUROC: 0.46857792139053345 | Validation Acc: 0.5289115646258503 | Validation Loss: 0.3060659691134809
---------------------- Epoch: 50 ----------------------
Training AUROC: 0.6739118099212646 | Training Acc.: 0.6297287520386516 | Training Loss: 0.28859346040009826
Validation AUROC: 0.5074505805969238 | Validation Acc: 0.5085034013605442 | Validation Loss: 0.3082856999752863
---------------------- Epoch: 100 ----------------------
Training AUROC: 0.7684193849563599 | Training Acc.: 0.6925437467044353 | Training Loss: 0.2618484454645357
Validation AUROC: 0.5205701589584351 | Validation Acc: 0.5442176870748299 | Validation Loss: 0.3184956165579342
---------------------- Epoch: 150 ----------------------
Training AUROC: 0.843239426612854 | Training Acc.: 0.7665881862438534 | Training Loss: 0.22760801391499422
Validation AUROC: 0.5181405544281006 | Validation Acc: 0.4931972789115646 | Validation Loss: 0.34665733513194447
---------------------- Epoch: 200 ----------------------
Training AUROC: 0.8804992437362671 | Training Acc.: 0.7909079203914211 | Training Loss: 0.2017804291092292
Validation AUROC: 0.5205701589584351 | Validation Acc: 0.5017006802721089 | Validation Loss: 0.38068115452959767
---------------------- Epoch: 250 ----------------------
Training AUROC: 0.9162712097167969 | Training Acc.: 0.8364970753779937 | Training Loss: 0.1725179570147394
Validation AUROC: 0.5293164849281311 | Validation Acc: 0.4846938775510204 | Validation Loss: 0.4308080062206115
---------------------- Epoch: 299 ----------------------
Training AUROC: 0.9338618516921997 | Training Acc.: 0.8684287974101461 | Training Loss: 0.15515926522266965
Validation AUROC: 0.5199222564697266 | Validation Acc: 0.5272108843537415 | Validation Loss: 0.4628873629716061
Finished training.
Creating checkpoint.
Best Validation Acc. = 0.5476190476190477 (Epoch = 64)
Finished creating checkpoint.
--------------- Fold 21 ---------------
Training lstm on dataset1 with {'input_size': 4, 'hidden_size': 64, 'num_layers': 1, 'dropout': 0.25, 'n_classes': 2}
Training Started...
---------------------- Epoch: 0 ----------------------
Training AUROC: 0.5350035429000854 | Training Acc.: 0.537628760836308 | Training Loss: 0.3018218356341466
Validation AUROC: 0.4965391755104065 | Validation Acc: 0.5117007251153592 | Validation Loss: 0.30144684038658215
---------------------- Epoch: 50 ----------------------
Training AUROC: 0.6651259660720825 | Training Acc.: 0.6184650688424274 | Training Loss: 0.29055691391355193
Validation AUROC: 0.5585036277770996 | Validation Acc: 0.530323005932762 | Validation Loss: 0.30124931176855446
---------------------- Epoch: 100 ----------------------
Training AUROC: 0.7638388276100159 | Training Acc.: 0.6888781234064253 | Training Loss: 0.26270939687469974
Validation AUROC: 0.4932432770729065 | Validation Acc: 0.5391397495056032 | Validation Loss: 0.33183497383446753
---------------------- Epoch: 150 ----------------------
Training AUROC: 0.8449137806892395 | Training Acc.: 0.7512085670576236 | Training Loss: 0.22357906529705301
Validation AUROC: 0.4607778489589691 | Validation Acc: 0.507251153592617 | Validation Loss: 0.3980793902688791
---------------------- Epoch: 200 ----------------------
Training AUROC: 0.8883793354034424 | Training Acc.: 0.8035798062213156 | Training Loss: 0.1941159895510057
Validation AUROC: 0.4339156150817871 | Validation Acc: 0.4808009228740936 | Validation Loss: 0.4747676121778997
---------------------- Epoch: 250 ----------------------
Training AUROC: 0.8990678191184998 | Training Acc.: 0.818505864354921 | Training Loss: 0.181396106573458
Validation AUROC: 0.4146341383457184 | Validation Acc: 0.4537738958470666 | Validation Loss: 0.5301873451324175
---------------------- Epoch: 299 ----------------------
Training AUROC: 0.9298297166824341 | Training Acc.: 0.8478072412034676 | Training Loss: 0.15729313099638118
Validation AUROC: 0.41545814275741577 | Validation Acc: 0.4706657877389585 | Validation Loss: 0.6001268546535147
Finished training.
Creating checkpoint.
Best Validation Acc. = 0.5811634805537245 (Epoch = 34)
Finished creating checkpoint.
--------------- Fold 22 ---------------
Training lstm on dataset1 with {'input_size': 4, 'hidden_size': 64, 'num_layers': 1, 'dropout': 0.25, 'n_classes': 2}
Training Started...
---------------------- Epoch: 0 ----------------------
Training AUROC: 0.48941558599472046 | Training Acc.: 0.4949719530851606 | Training Loss: 0.3050559841529115
Validation AUROC: 0.446275532245636 | Validation Acc: 0.5033783783783784 | Validation Loss: 0.30538796867163015
---------------------- Epoch: 50 ----------------------
Training AUROC: 0.6725752353668213 | Training Acc.: 0.6247883732789393 | Training Loss: 0.28761109893987863
Validation AUROC: 0.46259063482284546 | Validation Acc: 0.46671061305207645 | Validation Loss: 0.3079777795849384
---------------------- Epoch: 100 ----------------------
Training AUROC: 0.749968409538269 | Training Acc.: 0.6900101988781233 | Training Loss: 0.26590492985436565
Validation AUROC: 0.4988464415073395 | Validation Acc: 0.4672874093605801 | Validation Loss: 0.3157214421305982
---------------------- Epoch: 150 ----------------------
Training AUROC: 0.8460458517074585 | Training Acc.: 0.7637327893931667 | Training Loss: 0.22553040310310038
Validation AUROC: 0.4660513997077942 | Validation Acc: 0.4530323005932762 | Validation Loss: 0.33978482867878484
---------------------- Epoch: 200 ----------------------
Training AUROC: 0.8976664543151855 | Training Acc.: 0.8111371749107599 | Training Loss: 0.18898295058678616
Validation AUROC: 0.4508899450302124 | Validation Acc: 0.43408042188529994 | Validation Loss: 0.3891958692622635
---------------------- Epoch: 250 ----------------------
Training AUROC: 0.9132360816001892 | Training Acc.: 0.8313819479857216 | Training Loss: 0.17447063495315143
Validation AUROC: 0.46736979484558105 | Validation Acc: 0.4672874093605801 | Validation Loss: 0.41463922642461065
---------------------- Epoch: 299 ----------------------
Training AUROC: 0.9405160546302795 | Training Acc.: 0.8734064252932178 | Training Loss: 0.1502419026195177
Validation AUROC: 0.4513843357563019 | Validation Acc: 0.4327620303230059 | Validation Loss: 0.4509805788387777
Finished training.
Creating checkpoint.
Best Validation Acc. = 0.5215062623599209 (Epoch = 88)
Finished creating checkpoint.
--------------- Fold 23 ---------------
Training lstm on dataset1 with {'input_size': 4, 'hidden_size': 64, 'num_layers': 1, 'dropout': 0.25, 'n_classes': 2}
Training Started...
---------------------- Epoch: 0 ----------------------
Training AUROC: 0.4971504509449005 | Training Acc.: 0.4900611932687404 | Training Loss: 0.30346984319646486
Validation AUROC: 0.532630205154419 | Validation Acc: 0.5174686882003956 | Validation Loss: 0.30332152820534714
---------------------- Epoch: 50 ----------------------
Training AUROC: 0.6788924336433411 | Training Acc.: 0.6257725650178481 | Training Loss: 0.29066200134114006
Validation AUROC: 0.5398813486099243 | Validation Acc: 0.5344429795649308 | Validation Loss: 0.3055652309594154
---------------------- Epoch: 100 ----------------------
Training AUROC: 0.7841529846191406 | Training Acc.: 0.7246302906680265 | Training Loss: 0.26054699118376856
Validation AUROC: 0.43259724974632263 | Validation Acc: 0.4672874093605801 | Validation Loss: 0.3364464923285553
---------------------- Epoch: 150 ----------------------
Training AUROC: 0.8609730005264282 | Training Acc.: 0.7682610912799592 | Training Loss: 0.21668562362314145
Validation AUROC: 0.44644033908843994 | Validation Acc: 0.42732366512854314 | Validation Loss: 0.3871780950392314
---------------------- Epoch: 200 ----------------------
Training AUROC: 0.9142968058586121 | Training Acc.: 0.8228964813870474 | Training Loss: 0.17753673787311658
Validation AUROC: 0.41908368468284607 | Validation Acc: 0.4320204350692156 | Validation Loss: 0.4540765740734048
---------------------- Epoch: 250 ----------------------
Training AUROC: 0.934657871723175 | Training Acc.: 0.8536002039775625 | Training Loss: 0.15519922708584202
Validation AUROC: 0.39897826313972473 | Validation Acc: 0.4387771918259723 | Validation Loss: 0.5244676028882104
---------------------- Epoch: 299 ----------------------
Training AUROC: 0.9434493184089661 | Training Acc.: 0.8650433452320245 | Training Loss: 0.14316563975093657
Validation AUROC: 0.3859591484069824 | Validation Acc: 0.42320369149637443 | Validation Loss: 0.5734895522088989
Finished training.
Creating checkpoint.
Best Validation Acc. = 0.5550428477257745 (Epoch = 5)
Finished creating checkpoint.
--------------- Fold 24 ---------------
Training lstm on dataset1 with {'input_size': 4, 'hidden_size': 64, 'num_layers': 1, 'dropout': 0.25, 'n_classes': 2}
Training Started...
---------------------- Epoch: 0 ----------------------
Training AUROC: 0.5013248920440674 | Training Acc.: 0.5061982797276915 | Training Loss: 0.30313978520648244
Validation AUROC: 0.526630163192749 | Validation Acc: 0.519163763066202 | Validation Loss: 0.2997687495986629
---------------------- Epoch: 50 ----------------------
Training AUROC: 0.6626105904579163 | Training Acc.: 0.6215808568749746 | Training Loss: 0.2901628705489682
Validation AUROC: 0.5339306592941284 | Validation Acc: 0.5486145677783308 | Validation Loss: 0.3043137465590681
---------------------- Epoch: 100 ----------------------
Training AUROC: 0.7463250160217285 | Training Acc.: 0.6799070563776446 | Training Loss: 0.26900942580714027
Validation AUROC: 0.5422266125679016 | Validation Acc: 0.5378297660527626 | Validation Loss: 0.3095617709684577
---------------------- Epoch: 150 ----------------------
Training AUROC: 0.8419489860534668 | Training Acc.: 0.7633708369002488 | Training Loss: 0.23083133769445596
Validation AUROC: 0.48830267786979675 | Validation Acc: 0.5168408826945412 | Validation Loss: 0.34328433873519776
---------------------- Epoch: 200 ----------------------
Training AUROC: 0.8740694522857666 | Training Acc.: 0.7897374750315926 | Training Loss: 0.2110354942964166
Validation AUROC: 0.47834745049476624 | Validation Acc: 0.4992533598805376 | Validation Loss: 0.37013145464422625
---------------------- Epoch: 250 ----------------------
Training AUROC: 0.900536060333252 | Training Acc.: 0.8123007623007623 | Training Loss: 0.190125290702459
Validation AUROC: 0.47486311197280884 | Validation Acc: 0.4904595984735358 | Validation Loss: 0.4077684392570564
---------------------- Epoch: 299 ----------------------
Training AUROC: 0.9086359739303589 | Training Acc.: 0.8227650727650728 | Training Loss: 0.18113341052756773
Validation AUROC: 0.45594826340675354 | Validation Acc: 0.4870582379293181 | Validation Loss: 0.4424277622112629
Finished training.
Creating checkpoint.
Best Validation Acc. = 0.5636303301808528 (Epoch = 25)
Finished creating checkpoint.
--------------- Fold 25 ---------------
Training lstm on dataset1 with {'input_size': 4, 'hidden_size': 64, 'num_layers': 1, 'dropout': 0.25, 'n_classes': 2}
Training Started...
---------------------- Epoch: 0 ----------------------
Training AUROC: 0.5044035911560059 | Training Acc.: 0.4913619501854796 | Training Loss: 0.3036085748700366
Validation AUROC: 0.5385763645172119 | Validation Acc: 0.5127758420441347 | Validation Loss: 0.3031277649197297
---------------------- Epoch: 50 ----------------------
Training AUROC: 0.6558660268783569 | Training Acc.: 0.6177163588928294 | Training Loss: 0.29208704297403226
Validation AUROC: 0.514849841594696 | Validation Acc: 0.5160112825618053 | Validation Loss: 0.3033580486351068
---------------------- Epoch: 100 ----------------------
Training AUROC: 0.7470690011978149 | Training Acc.: 0.6762300762300762 | Training Loss: 0.26652721438059573
Validation AUROC: 0.516177237033844 | Validation Acc: 0.47884519661523145 | Validation Loss: 0.3125924069364259
---------------------- Epoch: 150 ----------------------
Training AUROC: 0.8247034549713135 | Training Acc.: 0.7311279605397252 | Training Loss: 0.2319578560143989
Validation AUROC: 0.5166749358177185 | Validation Acc: 0.5148498423759749 | Validation Loss: 0.3355508554329177
---------------------- Epoch: 200 ----------------------
Training AUROC: 0.8657861351966858 | Training Acc.: 0.7618931148342913 | Training Loss: 0.20783955725649633
Validation AUROC: 0.5228139758110046 | Validation Acc: 0.5528455284552846 | Validation Loss: 0.36440582376497815
---------------------- Epoch: 250 ----------------------
Training AUROC: 0.8952019810676575 | Training Acc.: 0.793822102645632 | Training Loss: 0.18646738013963984
Validation AUROC: 0.4907914400100708 | Validation Acc: 0.5074664011946242 | Validation Loss: 0.40228657406028856
---------------------- Epoch: 299 ----------------------
Training AUROC: 0.9121010303497314 | Training Acc.: 0.8174534262769557 | Training Loss: 0.1727936085851718
Validation AUROC: 0.48067033290863037 | Validation Acc: 0.4904595984735358 | Validation Loss: 0.42333135915001385
Finished training.
Creating checkpoint.
Best Validation Acc. = 0.5709308113489298 (Epoch = 3)
Finished creating checkpoint.
--------------- Fold 26 ---------------
Training lstm on dataset1 with {'input_size': 4, 'hidden_size': 64, 'num_layers': 1, 'dropout': 0.25, 'n_classes': 2}
Training Started...
---------------------- Epoch: 0 ----------------------
Training AUROC: 0.48543065786361694 | Training Acc.: 0.49996127349068525 | Training Loss: 0.30471724351211216
Validation AUROC: 0.4622531533241272 | Validation Acc: 0.4724572755931641 | Validation Loss: 0.30428601733448696
---------------------- Epoch: 50 ----------------------
Training AUROC: 0.6704190969467163 | Training Acc.: 0.632516000163059 | Training Loss: 0.28913504384982963
Validation AUROC: 0.5004147887229919 | Validation Acc: 0.5346772855483657 | Validation Loss: 0.303847393961179
---------------------- Epoch: 100 ----------------------
Training AUROC: 0.767920196056366 | Training Acc.: 0.710386857445681 | Training Loss: 0.2625831455386124
Validation AUROC: 0.4513024389743805 | Validation Acc: 0.47428239588518334 | Validation Loss: 0.3203707744559578
---------------------- Epoch: 150 ----------------------
Training AUROC: 0.8371061086654663 | Training Acc.: 0.7607618931148343 | Training Loss: 0.23038036545862686
Validation AUROC: 0.47751784324645996 | Validation Acc: 0.5190808030529285 | Validation Loss: 0.33947521383173723
---------------------- Epoch: 200 ----------------------
Training AUROC: 0.8792018294334412 | Training Acc.: 0.7934450287391464 | Training Loss: 0.20335728802630518
Validation AUROC: 0.4841546416282654 | Validation Acc: 0.4946905591504895 | Validation Loss: 0.35834041153526747
---------------------- Epoch: 250 ----------------------
Training AUROC: 0.8950796723365784 | Training Acc.: 0.8158513717337247 | Training Loss: 0.19126434159595523
Validation AUROC: 0.5077152848243713 | Validation Acc: 0.5366683258669321 | Validation Loss: 0.3643537470560129
---------------------- Epoch: 299 ----------------------
Training AUROC: 0.9135990738868713 | Training Acc.: 0.8383820472055766 | Training Loss: 0.1751722508304139
Validation AUROC: 0.5022399425506592 | Validation Acc: 0.5230628836900614 | Validation Loss: 0.3860672891497104
Finished training.
Creating checkpoint.
Best Validation Acc. = 0.555666168906587 (Epoch = 257)
Finished creating checkpoint.
--------------- Fold 27 ---------------
Training lstm on dataset1 with {'input_size': 4, 'hidden_size': 64, 'num_layers': 1, 'dropout': 0.25, 'n_classes': 2}
Training Started...
---------------------- Epoch: 0 ----------------------
Training AUROC: 0.4873252511024475 | Training Acc.: 0.5071297541885778 | Training Loss: 0.3045538830155675
Validation AUROC: 0.4325534999370575 | Validation Acc: 0.4730379956860793 | Validation Loss: 0.30514456899678344
---------------------- Epoch: 50 ----------------------
Training AUROC: 0.6692410111427307 | Training Acc.: 0.6212058212058212 | Training Loss: 0.2892639216555141
Validation AUROC: 0.4552845358848572 | Validation Acc: 0.46125767380122784 | Validation Loss: 0.3105131125471943
---------------------- Epoch: 100 ----------------------
Training AUROC: 0.7545228600502014 | Training Acc.: 0.6909665321430027 | Training Loss: 0.2668874861638014
Validation AUROC: 0.5299485921859741 | Validation Acc: 0.4782644765223163 | Validation Loss: 0.3122542732044527
---------------------- Epoch: 150 ----------------------
Training AUROC: 0.8334290981292725 | Training Acc.: 0.7327626268802739 | Training Loss: 0.2309863650443301
Validation AUROC: 0.5835407376289368 | Validation Acc: 0.48846855815496926 | Validation Loss: 0.3113427227980043
---------------------- Epoch: 200 ----------------------
Training AUROC: 0.884448230266571 | Training Acc.: 0.7864987159104806 | Training Loss: 0.198830598273987
Validation AUROC: 0.6167246699333191 | Validation Acc: 0.5508544881367181 | Validation Loss: 0.31094944197339697
---------------------- Epoch: 250 ----------------------
Training AUROC: 0.7252660393714905 | Training Acc.: 0.6769149239737475 | Training Loss: 0.2940702726731697
Validation AUROC: 0.6482495665550232 | Validation Acc: 0.6254355400696865 | Validation Loss: 0.3114754261126259
---------------------- Epoch: 299 ----------------------
Training AUROC: 0.8010618686676025 | Training Acc.: 0.7295259059964943 | Training Loss: 0.2358705094476312
Validation AUROC: 0.6713124513626099 | Validation Acc: 0.6172224987555999 | Validation Loss: 0.2937962392177598
Finished training.
Creating checkpoint.
Best Validation Acc. = 0.6600298656047785 (Epoch = 252)
Finished creating checkpoint.
--------------- Fold 28 ---------------
Training lstm on dataset1 with {'input_size': 4, 'hidden_size': 64, 'num_layers': 1, 'dropout': 0.25, 'n_classes': 2}
Training Started...
---------------------- Epoch: 0 ----------------------
Training AUROC: 0.516132652759552 | Training Acc.: 0.499311075781664 | Training Loss: 0.3039593028930052
Validation AUROC: 0.5526795983314514 | Validation Acc: 0.48498423759747805 | Validation Loss: 0.30303722125260063
---------------------- Epoch: 50 ----------------------
Training AUROC: 0.6736373901367188 | Training Acc.: 0.6245077656842363 | Training Loss: 0.2915846891599587
Validation AUROC: 0.5583208799362183 | Validation Acc: 0.6095901775344283 | Validation Loss: 0.3014955923987276
---------------------- Epoch: 100 ----------------------
Training AUROC: 0.7528371810913086 | Training Acc.: 0.6820125555419674 | Training Loss: 0.27069495509509556
Validation AUROC: 0.5282893180847168 | Validation Acc: 0.5568276090924175 | Validation Loss: 0.31039068700032696
---------------------- Epoch: 150 ----------------------
Training AUROC: 0.829487144947052 | Training Acc.: 0.7488830459418695 | Training Loss: 0.2343188261358794
Validation AUROC: 0.5440518260002136 | Validation Acc: 0.5630496100879376 | Validation Loss: 0.3294691313836494
---------------------- Epoch: 200 ----------------------
Training AUROC: 0.8854307532310486 | Training Acc.: 0.793822102645632 | Training Loss: 0.2008262534869001
Validation AUROC: 0.5254687070846558 | Validation Acc: 0.5528455284552846 | Validation Loss: 0.3722185420131594
---------------------- Epoch: 250 ----------------------
Training AUROC: 0.9026944637298584 | Training Acc.: 0.8124250947780359 | Training Loss: 0.1861049271454996
Validation AUROC: 0.5382445454597473 | Validation Acc: 0.5610585697693712 | Validation Loss: 0.3820580618842299
---------------------- Epoch: 299 ----------------------
Training AUROC: 0.9154722094535828 | Training Acc.: 0.8256552933023521 | Training Loss: 0.1747138185139629
Validation AUROC: 0.5332670211791992 | Validation Acc: 0.5366683258669321 | Validation Loss: 0.40194347915448364
Finished training.
Creating checkpoint.
Best Validation Acc. = 0.6538078646092583 (Epoch = 33)
Finished creating checkpoint.
--------------- Fold 29 ---------------
Training lstm on dataset1 with {'input_size': 4, 'hidden_size': 64, 'num_layers': 1, 'dropout': 0.25, 'n_classes': 2}
Training Started...
---------------------- Epoch: 0 ----------------------
Training AUROC: 0.4963495135307312 | Training Acc.: 0.48913823325588035 | Training Loss: 0.3071261194355557
Validation AUROC: 0.46756264567375183 | Validation Acc: 0.4677285548365688 | Validation Loss: 0.30719172022176194
---------------------- Epoch: 50 ----------------------
Training AUROC: 0.6648587584495544 | Training Acc.: 0.6235294117647059 | Training Loss: 0.2893881559925792
Validation AUROC: 0.47419941425323486 | Validation Acc: 0.5046457607433217 | Validation Loss: 0.31026382724392787
---------------------- Epoch: 100 ----------------------
Training AUROC: 0.7477375268936157 | Training Acc.: 0.6804736863560392 | Training Loss: 0.26727116803603634
Validation AUROC: 0.5191637873649597 | Validation Acc: 0.510618881699021 | Validation Loss: 0.31452623267673
---------------------- Epoch: 150 ----------------------
Training AUROC: 0.8231115937232971 | Training Acc.: 0.7342423871835637 | Training Loss: 0.23648946725878084
Validation AUROC: 0.518500030040741 | Validation Acc: 0.4896299983407997 | Validation Loss: 0.32670617058868784
---------------------- Epoch: 200 ----------------------
Training AUROC: 0.88775634765625 | Training Acc.: 0.8004219151277975 | Training Loss: 0.1985040880000643
Validation AUROC: 0.5115314722061157 | Validation Acc: 0.46465903434544553 | Validation Loss: 0.35254973916680904
---------------------- Epoch: 250 ----------------------
Training AUROC: 0.9210712313652039 | Training Acc.: 0.8347376788553259 | Training Loss: 0.17022170496017175
Validation AUROC: 0.4871412217617035 | Validation Acc: 0.47685415629666505 | Validation Loss: 0.3992867719990161
---------------------- Epoch: 299 ----------------------
Training AUROC: 0.9309852719306946 | Training Acc.: 0.8492560433736904 | Training Loss: 0.16082491452705283
Validation AUROC: 0.454620897769928 | Validation Acc: 0.4260826281732205 | Validation Loss: 0.4323812486554927
Finished training.
Creating checkpoint.
Best Validation Acc. = 0.5520159283225485 (Epoch = 96)
Finished creating checkpoint.
Average Balanced Accuracy: 0.5735130165008215
